<?xml version="1.0" encoding="UTF-8"?>
<testsuite name="com.kodilla.stream.book.BookTestSuite" tests="3" skipped="0" failures="0" errors="0" timestamp="2019-06-09T10:08:47" hostname="DESKTOP-VT08279" time="0.017">
  <properties/>
  <testcase name="testGetListUsingFor" classname="com.kodilla.stream.book.BookTestSuite" time="0.002"/>
  <testcase name="testGetListUsingIntStreamL" classname="com.kodilla.stream.book.BookTestSuite" time="0.01"/>
  <testcase name="testGetListUsingIntStream" classname="com.kodilla.stream.book.BookTestSuite" time="0.004"/>
  <system-out><![CDATA[]]></system-out>
  <system-err><![CDATA[]]></system-err>
</testsuite>
