<?xml version="1.0" encoding="UTF-8"?>
<testsuite name="com.kodilla.stream.book.BookTestSuite" tests="3" skipped="0" failures="0" errors="0" timestamp="2019-10-17T13:46:42" hostname="PL-08818-L2979" time="0.011">
  <properties/>
  <testcase name="testGetListUsingFor" classname="com.kodilla.stream.book.BookTestSuite" time="0.005"/>
  <testcase name="testGetListUsingIntStreamL" classname="com.kodilla.stream.book.BookTestSuite" time="0.004"/>
  <testcase name="testGetListUsingIntStream" classname="com.kodilla.stream.book.BookTestSuite" time="0.002"/>
  <system-out><![CDATA[]]></system-out>
  <system-err><![CDATA[]]></system-err>
</testsuite>
