<?xml version="1.0" encoding="UTF-8"?>
<testsuite name="com.kodilla.stream.book.BookTestSuite" tests="3" skipped="0" failures="0" errors="0" timestamp="2019-10-27T12:40:08" hostname="DESKTOP-VT08279" time="0.014">
  <properties/>
  <testcase name="testGetListUsingFor" classname="com.kodilla.stream.book.BookTestSuite" time="0.003"/>
  <testcase name="testGetListUsingIntStreamL" classname="com.kodilla.stream.book.BookTestSuite" time="0.007"/>
  <testcase name="testGetListUsingIntStream" classname="com.kodilla.stream.book.BookTestSuite" time="0.003"/>
  <system-out><![CDATA[]]></system-out>
  <system-err><![CDATA[]]></system-err>
</testsuite>
