<?xml version="1.0" encoding="UTF-8"?>
<testsuite name="com.kodilla.stream.book.BookTestSuite" tests="3" skipped="0" failures="0" errors="0" timestamp="2019-07-12T20:03:32" hostname="DESKTOP-VT08279" time="0.015">
  <properties/>
  <testcase name="testGetListUsingFor" classname="com.kodilla.stream.book.BookTestSuite" time="0.004"/>
  <testcase name="testGetListUsingIntStreamL" classname="com.kodilla.stream.book.BookTestSuite" time="0.007"/>
  <testcase name="testGetListUsingIntStream" classname="com.kodilla.stream.book.BookTestSuite" time="0.004"/>
  <system-out><![CDATA[]]></system-out>
  <system-err><![CDATA[]]></system-err>
</testsuite>
