<?xml version="1.0" encoding="UTF-8"?>
<testsuite name="com.kodilla.spring.reader.ReaderTestSuite" tests="2" skipped="0" failures="0" errors="0" timestamp="2019-07-06T08:35:08" hostname="DESKTOP-VT08279" time="0.139">
  <properties/>
  <testcase name="testRead" classname="com.kodilla.spring.reader.ReaderTestSuite" time="0.089"/>
  <testcase name="testConditional" classname="com.kodilla.spring.reader.ReaderTestSuite" time="0.049"/>
  <system-out><![CDATA[2019-07-06 10:35:08.289  INFO 2604 --- [    Test worker] s.c.a.AnnotationConfigApplicationContext : Refreshing org.springframework.context.annotation.AnnotationConfigApplicationContext@508ca3b1: startup date [Sat Jul 06 10:35:08 CEST 2019]; root of context hierarchy
Reading: The book number one
2019-07-06 10:35:08.380  INFO 2604 --- [    Test worker] s.c.a.AnnotationConfigApplicationContext : Refreshing org.springframework.context.annotation.AnnotationConfigApplicationContext@47f06a76: startup date [Sat Jul 06 10:35:08 CEST 2019]; root of context hierarchy
Bean book2 was found in the container: false
]]></system-out>
  <system-err><![CDATA[]]></system-err>
</testsuite>
