<?xml version="1.0" encoding="UTF-8"?>
<testsuite name="com.kodilla.spring.calculator.CalculatorTestSuite" tests="1" skipped="0" failures="0" errors="0" timestamp="2019-10-17T13:46:31" hostname="PL-08818-L2979" time="0.062">
  <properties/>
  <testcase name="testCalculations" classname="com.kodilla.spring.calculator.CalculatorTestSuite" time="0.062"/>
  <system-out><![CDATA[15:46:30.528 [Test worker] DEBUG org.springframework.test.context.junit4.SpringJUnit4ClassRunner - SpringJUnit4ClassRunner constructor called with [class com.kodilla.spring.calculator.CalculatorTestSuite]
15:46:30.536 [Test worker] DEBUG org.springframework.test.context.BootstrapUtils - Instantiating CacheAwareContextLoaderDelegate from class [org.springframework.test.context.cache.DefaultCacheAwareContextLoaderDelegate]
15:46:30.544 [Test worker] DEBUG org.springframework.test.context.BootstrapUtils - Instantiating BootstrapContext using constructor [public org.springframework.test.context.support.DefaultBootstrapContext(java.lang.Class,org.springframework.test.context.CacheAwareContextLoaderDelegate)]
15:46:30.563 [Test worker] DEBUG org.springframework.test.context.BootstrapUtils - Instantiating TestContextBootstrapper for test class [com.kodilla.spring.calculator.CalculatorTestSuite] from class [org.springframework.boot.test.context.SpringBootTestContextBootstrapper]
15:46:30.580 [Test worker] INFO org.springframework.boot.test.context.SpringBootTestContextBootstrapper - Neither @ContextConfiguration nor @ContextHierarchy found for test class [com.kodilla.spring.calculator.CalculatorTestSuite], using SpringBootContextLoader
15:46:30.583 [Test worker] DEBUG org.springframework.test.context.support.AbstractContextLoader - Did not detect default resource location for test class [com.kodilla.spring.calculator.CalculatorTestSuite]: class path resource [com/kodilla/spring/calculator/CalculatorTestSuite-context.xml] does not exist
15:46:30.583 [Test worker] DEBUG org.springframework.test.context.support.AbstractContextLoader - Did not detect default resource location for test class [com.kodilla.spring.calculator.CalculatorTestSuite]: class path resource [com/kodilla/spring/calculator/CalculatorTestSuiteContext.groovy] does not exist
15:46:30.583 [Test worker] INFO org.springframework.test.context.support.AbstractContextLoader - Could not detect default resource locations for test class [com.kodilla.spring.calculator.CalculatorTestSuite]: no resource found for suffixes {-context.xml, Context.groovy}.
15:46:30.584 [Test worker] INFO org.springframework.test.context.support.AnnotationConfigContextLoaderUtils - Could not detect default configuration classes for test class [com.kodilla.spring.calculator.CalculatorTestSuite]: CalculatorTestSuite does not declare any static, non-private, non-final, nested classes annotated with @Configuration.
15:46:30.625 [Test worker] DEBUG org.springframework.test.context.support.ActiveProfilesUtils - Could not find an 'annotation declaring class' for annotation type [org.springframework.test.context.ActiveProfiles] and class [com.kodilla.spring.calculator.CalculatorTestSuite]
15:46:30.631 [Test worker] DEBUG org.springframework.core.env.StandardEnvironment - Adding PropertySource 'systemProperties' with lowest search precedence
15:46:30.631 [Test worker] DEBUG org.springframework.core.env.StandardEnvironment - Adding PropertySource 'systemEnvironment' with lowest search precedence
15:46:30.631 [Test worker] DEBUG org.springframework.core.env.StandardEnvironment - Initialized StandardEnvironment with PropertySources [MapPropertySource@1100666503 {name='systemProperties', properties={java.runtime.name=Java(TM) SE Runtime Environment, sun.boot.library.path=C:\Program Files\Java\jdk1.8.0_201\jre\bin, java.vm.version=25.201-b09, java.vm.vendor=Oracle Corporation, java.vendor.url=http://java.oracle.com/, path.separator=;, java.vm.name=Java HotSpot(TM) 64-Bit Server VM, file.encoding.pkg=sun.io, user.script=, sun.java.launcher=SUN_STANDARD, user.country=PL, sun.os.patch.level=, java.vm.specification.name=Java Virtual Machine Specification, user.dir=D:\_P_WKurcab\P_rogramowanie\_Kodilla\kodilla-course\kodilla-spring, java.runtime.version=1.8.0_201-b09, java.awt.graphicsenv=sun.awt.Win32GraphicsEnvironment, java.endorsed.dirs=C:\Program Files\Java\jdk1.8.0_201\jre\lib\endorsed, os.arch=amd64, java.io.tmpdir=C:\Windows\TEMP\, line.separator=
, java.vm.specification.vendor=Oracle Corporation, user.variant=, os.name=Windows 10, sun.jnu.encoding=Cp1250, java.library.path=C:\Program Files\Java\jdk1.8.0_201\bin;C:\windows\Sun\Java\bin;C:\windows\system32;C:\windows;C:\Program Files\Java\jdk1.8.0_201\bin;C:\Program Files (x86)\Common Files\Intel\Shared Libraries\redist\ia32\mpirt;C:\Program Files (x86)\Common Files\Intel\Shared Libraries\redist\ia32\compiler;C:\Program Files (x86)\Common Files\Oracle\Java\javapath;C:\ProgramData\Oracle\Java\javapath;C:\windows\system32;C:\windows;C:\windows\System32\Wbem;C:\windows\System32\WindowsPowerShell\v1.0\;C:\windows\System32\OpenSSH\;C:\Program Files\Git\cmd;C:\Users\rr151459\AppData\Local\Microsoft\WindowsApps;C:\Users\rr151459\AppData\Local\Programs\Git\cmd;C:\Users\rr151459\AppData\Local\Programs\Git\mingw64\bin;C:\Users\rr151459\AppData\Local\Programs\Git\usr\bin;., java.specification.name=Java Platform API Specification, java.class.version=52.0, org.gradle.native=false, sun.management.compiler=HotSpot 64-Bit Tiered Compilers, os.version=10.0, user.home=C:\Users\rr151459, user.timezone=Europe/Prague, java.awt.printerjob=sun.awt.windows.WPrinterJob, file.encoding=windows-1250, java.specification.version=1.8, java.class.path=D:\_P_WKurcab\P_rogramowanie\_Kodilla\kodilla-course\kodilla-spring\build\classes\java\test;D:\_P_WKurcab\P_rogramowanie\_Kodilla\kodilla-course\kodilla-spring\build\resources\test;D:\_P_WKurcab\P_rogramowanie\_Kodilla\kodilla-course\kodilla-spring\build\classes\java\main;D:\_P_WKurcab\P_rogramowanie\_Kodilla\kodilla-course\kodilla-spring\build\resources\main;C:\Users\rr151459\.gradle\caches\modules-2\files-2.1\org.springframework.boot\spring-boot-starter-test\2.0.1.RELEASE\d6204ede44fa7e1df01d25509837bfa4b767fa28\spring-boot-starter-test-2.0.1.RELEASE.jar;C:\Users\rr151459\.gradle\caches\modules-2\files-2.1\org.springframework.boot\spring-boot-starter\2.0.1.RELEASE\33abc1286b0aabea4f08ff4285d09e587835a716\spring-boot-starter-2.0.1.RELEASE.jar;C:\Users\rr151459\.gradle\caches\modules-2\files-2.1\org.springframework.boot\spring-boot-test-autoconfigure\2.0.1.RELEASE\c7a68c07f2a04323a67740f91d20818ec2e783b3\spring-boot-test-autoconfigure-2.0.1.RELEASE.jar;C:\Users\rr151459\.gradle\caches\modules-2\files-2.1\org.springframework.boot\spring-boot-autoconfigure\2.0.1.RELEASE\b0bf9d34ed70c6987a86cd58a009065e5fa02545\spring-boot-autoconfigure-2.0.1.RELEASE.jar;C:\Users\rr151459\.gradle\caches\modules-2\files-2.1\org.springframework.boot\spring-boot-test\2.0.1.RELEASE\77cede07b0e9da6c87d0dabcfe3e53ac56747d73\spring-boot-test-2.0.1.RELEASE.jar;C:\Users\rr151459\.gradle\caches\modules-2\files-2.1\org.springframework.boot\spring-boot\2.0.1.RELEASE\b8c5b14cbb0e52fdded8f98a8c1493cc74c7cf59\spring-boot-2.0.1.RELEASE.jar;C:\Users\rr151459\.gradle\caches\modules-2\files-2.1\org.springframework.boot\spring-boot-starter-logging\2.0.1.RELEASE\10681a28c95e9f9c0159327a1ed0c860517c7ad7\spring-boot-starter-logging-2.0.1.RELEASE.jar;C:\Users\rr151459\.gradle\caches\modules-2\files-2.1\javax.annotation\javax.annotation-api\1.3.2\934c04d3cfef185a8008e7bf34331b79730a9d43\javax.annotation-api-1.3.2.jar;C:\Users\rr151459\.gradle\caches\modules-2\files-2.1\org.springframework\spring-test\5.0.5.RELEASE\f7e3b83447e54056a91de1294ae6888343648dff\spring-test-5.0.5.RELEASE.jar;C:\Users\rr151459\.gradle\caches\modules-2\files-2.1\org.springframework\spring-context\5.0.5.RELEASE\9cca4bf5acb693249a01c218f471c677b951d6e2\spring-context-5.0.5.RELEASE.jar;C:\Users\rr151459\.gradle\caches\modules-2\files-2.1\org.springframework\spring-aop\5.0.5.RELEASE\b11b61b94d7fb752a1c9bf3461d655c3084fae47\spring-aop-5.0.5.RELEASE.jar;C:\Users\rr151459\.gradle\caches\modules-2\files-2.1\org.springframework\spring-beans\5.0.5.RELEASE\984445863c0bbdaaf860615762d998b471a6bf92\spring-beans-5.0.5.RELEASE.jar;C:\Users\rr151459\.gradle\caches\modules-2\files-2.1\org.springframework\spring-expression\5.0.5.RELEASE\fc6c7a95aeb7d00f4c65c338b08d97767eb0dd99\spring-expression-5.0.5.RELEASE.jar;C:\Users\rr151459\.gradle\caches\modules-2\files-2.1\org.springframework\spring-core\5.0.5.RELEASE\1bd9feb1d9dac6accd27f5244b6c47cfcb55045c\spring-core-5.0.5.RELEASE.jar;C:\Users\rr151459\.gradle\caches\modules-2\files-2.1\org.yaml\snakeyaml\1.19\2d998d3d674b172a588e54ab619854d073f555b5\snakeyaml-1.19.jar;C:\Users\rr151459\.gradle\caches\modules-2\files-2.1\com.jayway.jsonpath\json-path\2.4.0\765a4401ceb2dc8d40553c2075eb80a8fa35c2ae\json-path-2.4.0.jar;C:\Users\rr151459\.gradle\caches\modules-2\files-2.1\junit\junit\4.12\2973d150c0dc1fefe998f834810d68f278ea58ec\junit-4.12.jar;C:\Users\rr151459\.gradle\caches\modules-2\files-2.1\org.assertj\assertj-core\3.9.1\c5ce126b15f28d56cd8f960c1a6a058b9c9aea87\assertj-core-3.9.1.jar;C:\Users\rr151459\.gradle\caches\modules-2\files-2.1\org.mockito\mockito-core\2.15.0\b84bfbbc29cd22c9529409627af6ea2897f4fa85\mockito-core-2.15.0.jar;C:\Users\rr151459\.gradle\caches\modules-2\files-2.1\org.hamcrest\hamcrest-library\1.3\4785a3c21320980282f9f33d0d1264a69040538f\hamcrest-library-1.3.jar;C:\Users\rr151459\.gradle\caches\modules-2\files-2.1\org.hamcrest\hamcrest-core\1.3\42a25dc3219429f0e5d060061f71acb49bf010a0\hamcrest-core-1.3.jar;C:\Users\rr151459\.gradle\caches\modules-2\files-2.1\org.skyscreamer\jsonassert\1.5.0\6c9d5fe2f59da598d9aefc1cfc6528ff3cf32df3\jsonassert-1.5.0.jar;C:\Users\rr151459\.gradle\caches\modules-2\files-2.1\org.xmlunit\xmlunit-core\2.5.1\4ffdb346572a7356f7521cd3119ce5287d2e339d\xmlunit-core-2.5.1.jar;C:\Users\rr151459\.gradle\caches\modules-2\files-2.1\ch.qos.logback\logback-classic\1.2.3\7c4f3c474fb2c041d8028740440937705ebb473a\logback-classic-1.2.3.jar;C:\Users\rr151459\.gradle\caches\modules-2\files-2.1\org.apache.logging.log4j\log4j-to-slf4j\2.10.0\f7e631ccf49cfc0aefa4a2a728da7d374c05bd3c\log4j-to-slf4j-2.10.0.jar;C:\Users\rr151459\.gradle\caches\modules-2\files-2.1\org.slf4j\jul-to-slf4j\1.7.25\af5364cd6679bfffb114f0dec8a157aaa283b76\jul-to-slf4j-1.7.25.jar;C:\Users\rr151459\.gradle\caches\modules-2\files-2.1\org.springframework\spring-jcl\5.0.5.RELEASE\f4a2854b9d865e8b86717595aec16f877f8c6489\spring-jcl-5.0.5.RELEASE.jar;C:\Users\rr151459\.gradle\caches\modules-2\files-2.1\net.minidev\json-smart\2.3\7396407491352ce4fa30de92efb158adb76b5b\json-smart-2.3.jar;C:\Users\rr151459\.gradle\caches\modules-2\files-2.1\org.slf4j\slf4j-api\1.7.25\da76ca59f6a57ee3102f8f9bd9cee742973efa8a\slf4j-api-1.7.25.jar;C:\Users\rr151459\.gradle\caches\modules-2\files-2.1\net.bytebuddy\byte-buddy\1.7.11\f02857a4e2c66ccbe7aaad6100a0a6c461bce9b3\byte-buddy-1.7.11.jar;C:\Users\rr151459\.gradle\caches\modules-2\files-2.1\net.bytebuddy\byte-buddy-agent\1.7.11\b425a8933ca07edd03c6dbc8bc3b595fba9780de\byte-buddy-agent-1.7.11.jar;C:\Users\rr151459\.gradle\caches\modules-2\files-2.1\org.objenesis\objenesis\2.6\639033469776fd37c08358c6b92a4761feb2af4b\objenesis-2.6.jar;C:\Users\rr151459\.gradle\caches\modules-2\files-2.1\com.vaadin.external.google\android-json\0.0.20131108.vaadin1\fa26d351fe62a6a17f5cda1287c1c6110dec413f\android-json-0.0.20131108.vaadin1.jar;C:\Users\rr151459\.gradle\caches\modules-2\files-2.1\ch.qos.logback\logback-core\1.2.3\864344400c3d4d92dfeb0a305dc87d953677c03c\logback-core-1.2.3.jar;C:\Users\rr151459\.gradle\caches\modules-2\files-2.1\org.apache.logging.log4j\log4j-api\2.10.0\fec5797a55b786184a537abd39c3fa1449d752d6\log4j-api-2.10.0.jar;C:\Users\rr151459\.gradle\caches\modules-2\files-2.1\net.minidev\accessors-smart\1.2\c592b500269bfde36096641b01238a8350f8aa31\accessors-smart-1.2.jar;C:\Users\rr151459\.gradle\caches\modules-2\files-2.1\org.ow2.asm\asm\5.0.4\da08b8cce7bbf903602a25a3a163ae252435795\asm-5.0.4.jar, user.name=rr151459, java.vm.specification.version=1.8, sun.java.command=worker.org.gradle.process.internal.worker.GradleWorkerMain 'Gradle Test Executor 7', java.home=C:\Program Files\Java\jdk1.8.0_201\jre, sun.arch.data.model=64, user.language=pl, java.specification.vendor=Oracle Corporation, awt.toolkit=sun.awt.windows.WToolkit, java.vm.info=mixed mode, java.version=1.8.0_201, java.ext.dirs=C:\Program Files\Java\jdk1.8.0_201\jre\lib\ext;C:\windows\Sun\Java\lib\ext, sun.boot.class.path=C:\Program Files\Java\jdk1.8.0_201\jre\lib\resources.jar;C:\Program Files\Java\jdk1.8.0_201\jre\lib\rt.jar;C:\Program Files\Java\jdk1.8.0_201\jre\lib\sunrsasign.jar;C:\Program Files\Java\jdk1.8.0_201\jre\lib\jsse.jar;C:\Program Files\Java\jdk1.8.0_201\jre\lib\jce.jar;C:\Program Files\Java\jdk1.8.0_201\jre\lib\charsets.jar;C:\Program Files\Java\jdk1.8.0_201\jre\lib\jfr.jar;C:\Program Files\Java\jdk1.8.0_201\jre\classes, java.vendor=Oracle Corporation, org.gradle.test.worker=7, file.separator=\, java.vendor.url.bug=http://bugreport.sun.com/bugreport/, sun.io.unicode.encoding=UnicodeLittle, sun.cpu.endian=little, sun.desktop=windows, sun.cpu.isalist=amd64}}, SystemEnvironmentPropertySource@2049802966 {name='systemEnvironment', properties={USERDOMAIN_ROAMINGPROFILE=WALSTEAD, =U:=U:\, PROCESSOR_LEVEL=6, SESSIONNAME=Console, ALLUSERSPROFILE=C:\ProgramData, INTEL_DEV_REDIST=C:\Program Files (x86)\Common Files\Intel\Shared Libraries\, PROCESSOR_ARCHITECTURE=AMD64, PSModulePath=C:\Program Files\WindowsPowerShell\Modules;C:\windows\system32\WindowsPowerShell\v1.0\Modules, __INTELLIJ_COMMAND_HISTFILE__=C:\Users\rr151459\.IntelliJIdea2019.2\config\terminal\history\history-79, SystemDrive=C:, =ExitCode=00000000, DIRNAME=D:\_P_WKurcab\P_rogramowanie\_Kodilla\kodilla-course\, USERNAME=rr151459, USERDNSDOMAIN=WALSTEAD.PL, =Z:=Z:\, CMD_LINE_ARGS=build, ProgramFiles(x86)=C:\Program Files (x86), APP_HOME=D:\_P_WKurcab\P_rogramowanie\_Kodilla\kodilla-course\, DEFAULT_JVM_OPTS="-Xmx64m", PATHEXT=.COM;.EXE;.BAT;.CMD;.VBS;.VBE;.JS;.JSE;.WSF;.WSH;.MSC, DriverData=C:\Windows\System32\Drivers\DriverData, MYSQL_DATABASE_PASSWORD=kodilla_password, ProgramData=C:\ProgramData, =F:=F:\, ProgramW6432=C:\Program Files, HOMEPATH=\Users\rr151459, PROCESSOR_IDENTIFIER=Intel64 Family 6 Model 142 Stepping 10, GenuineIntel, ProgramFiles=C:\Program Files, PUBLIC=C:\Users\Public, windir=C:\windows, =::=::\, _SKIP=2, LOCALAPPDATA=C:\Users\rr151459\AppData\Local, USERDOMAIN=WALSTEAD, LOGONSERVER=\\PWPKR1-DC2, PROMPT=$P$G, =K:=K:\, OneDrive=C:\Users\Administrator\OneDrive, =C:=C:\, APPDATA=C:\Users\rr151459\AppData\Roaming, JAVA_EXE=java.exe, CommonProgramFiles=C:\Program Files\Common Files, Path=C:\Program Files\Java\jdk1.8.0_201\bin;C:\Program Files (x86)\Common Files\Intel\Shared Libraries\redist\ia32\mpirt;C:\Program Files (x86)\Common Files\Intel\Shared Libraries\redist\ia32\compiler;C:\Program Files (x86)\Common Files\Oracle\Java\javapath;C:\ProgramData\Oracle\Java\javapath;C:\windows\system32;C:\windows;C:\windows\System32\Wbem;C:\windows\System32\WindowsPowerShell\v1.0\;C:\windows\System32\OpenSSH\;C:\Program Files\Git\cmd;C:\Users\rr151459\AppData\Local\Microsoft\WindowsApps;C:\Users\rr151459\AppData\Local\Programs\Git\cmd;C:\Users\rr151459\AppData\Local\Programs\Git\mingw64\bin;C:\Users\rr151459\AppData\Local\Programs\Git\usr\bin, OS=Windows_NT, COMPUTERNAME=PL-08818-L2979, PROCESSOR_REVISION=8e0a, CLASSPATH=D:\_P_WKurcab\P_rogramowanie\_Kodilla\kodilla-course\\gradle\wrapper\gradle-wrapper.jar, CommonProgramW6432=C:\Program Files\Common Files, ComSpec=C:\windows\system32\cmd.exe, APP_BASE_NAME=gradlew, TERMINAL_EMULATOR=JetBrains-JediTerm, MYSQL_DATABASE_USERNAME=kodilla_user, =D:=D:\_P_WKurcab\P_rogramowanie\_Kodilla\kodilla-course, SystemRoot=C:\windows, TEMP=C:\Windows\TEMP, HOMEDRIVE=C:, USERPROFILE=C:\Users\rr151459, TMP=C:\Windows\TEMP, CommonProgramFiles(x86)=C:\Program Files (x86)\Common Files, NUMBER_OF_PROCESSORS=8, IDEA_INITIAL_DIRECTORY=C:\Users\rr151459\Desktop\Nowy folder}}]
15:46:30.641 [Test worker] DEBUG org.springframework.core.io.support.PathMatchingResourcePatternResolver - Resolved classpath location [com/kodilla/spring/calculator/] to resources [URL [file:/D:/_P_WKurcab/P_rogramowanie/_Kodilla/kodilla-course/kodilla-spring/build/classes/java/test/com/kodilla/spring/calculator/], URL [file:/D:/_P_WKurcab/P_rogramowanie/_Kodilla/kodilla-course/kodilla-spring/build/classes/java/main/com/kodilla/spring/calculator/]]
15:46:30.641 [Test worker] DEBUG org.springframework.core.io.support.PathMatchingResourcePatternResolver - Looking for matching resources in directory tree [D:\_P_WKurcab\P_rogramowanie\_Kodilla\kodilla-course\kodilla-spring\build\classes\java\test\com\kodilla\spring\calculator]
15:46:30.642 [Test worker] DEBUG org.springframework.core.io.support.PathMatchingResourcePatternResolver - Searching directory [D:\_P_WKurcab\P_rogramowanie\_Kodilla\kodilla-course\kodilla-spring\build\classes\java\test\com\kodilla\spring\calculator] for files matching pattern [D:/_P_WKurcab/P_rogramowanie/_Kodilla/kodilla-course/kodilla-spring/build/classes/java/test/com/kodilla/spring/calculator/*.class]
15:46:30.645 [Test worker] DEBUG org.springframework.core.io.support.PathMatchingResourcePatternResolver - Looking for matching resources in directory tree [D:\_P_WKurcab\P_rogramowanie\_Kodilla\kodilla-course\kodilla-spring\build\classes\java\main\com\kodilla\spring\calculator]
15:46:30.646 [Test worker] DEBUG org.springframework.core.io.support.PathMatchingResourcePatternResolver - Searching directory [D:\_P_WKurcab\P_rogramowanie\_Kodilla\kodilla-course\kodilla-spring\build\classes\java\main\com\kodilla\spring\calculator] for files matching pattern [D:/_P_WKurcab/P_rogramowanie/_Kodilla/kodilla-course/kodilla-spring/build/classes/java/main/com/kodilla/spring/calculator/*.class]
15:46:30.648 [Test worker] DEBUG org.springframework.core.io.support.PathMatchingResourcePatternResolver - Resolved location pattern [classpath*:com/kodilla/spring/calculator/*.class] to resources [file [D:\_P_WKurcab\P_rogramowanie\_Kodilla\kodilla-course\kodilla-spring\build\classes\java\test\com\kodilla\spring\calculator\CalculatorTestSuite.class], file [D:\_P_WKurcab\P_rogramowanie\_Kodilla\kodilla-course\kodilla-spring\build\classes\java\main\com\kodilla\spring\calculator\Calculator.class], file [D:\_P_WKurcab\P_rogramowanie\_Kodilla\kodilla-course\kodilla-spring\build\classes\java\main\com\kodilla\spring\calculator\Display.class]]
15:46:30.664 [Test worker] DEBUG org.springframework.core.io.support.PathMatchingResourcePatternResolver - Resolved classpath location [com/kodilla/spring/] to resources [URL [file:/D:/_P_WKurcab/P_rogramowanie/_Kodilla/kodilla-course/kodilla-spring/build/classes/java/test/com/kodilla/spring/], URL [file:/D:/_P_WKurcab/P_rogramowanie/_Kodilla/kodilla-course/kodilla-spring/build/classes/java/main/com/kodilla/spring/]]
15:46:30.664 [Test worker] DEBUG org.springframework.core.io.support.PathMatchingResourcePatternResolver - Looking for matching resources in directory tree [D:\_P_WKurcab\P_rogramowanie\_Kodilla\kodilla-course\kodilla-spring\build\classes\java\test\com\kodilla\spring]
15:46:30.665 [Test worker] DEBUG org.springframework.core.io.support.PathMatchingResourcePatternResolver - Searching directory [D:\_P_WKurcab\P_rogramowanie\_Kodilla\kodilla-course\kodilla-spring\build\classes\java\test\com\kodilla\spring] for files matching pattern [D:/_P_WKurcab/P_rogramowanie/_Kodilla/kodilla-course/kodilla-spring/build/classes/java/test/com/kodilla/spring/*.class]
15:46:30.667 [Test worker] DEBUG org.springframework.core.io.support.PathMatchingResourcePatternResolver - Looking for matching resources in directory tree [D:\_P_WKurcab\P_rogramowanie\_Kodilla\kodilla-course\kodilla-spring\build\classes\java\main\com\kodilla\spring]
15:46:30.668 [Test worker] DEBUG org.springframework.core.io.support.PathMatchingResourcePatternResolver - Searching directory [D:\_P_WKurcab\P_rogramowanie\_Kodilla\kodilla-course\kodilla-spring\build\classes\java\main\com\kodilla\spring] for files matching pattern [D:/_P_WKurcab/P_rogramowanie/_Kodilla/kodilla-course/kodilla-spring/build/classes/java/main/com/kodilla/spring/*.class]
15:46:30.671 [Test worker] DEBUG org.springframework.core.io.support.PathMatchingResourcePatternResolver - Resolved location pattern [classpath*:com/kodilla/spring/*.class] to resources [file [D:\_P_WKurcab\P_rogramowanie\_Kodilla\kodilla-course\kodilla-spring\build\classes\java\test\com\kodilla\spring\SpringRunnerTestSuite.class], file [D:\_P_WKurcab\P_rogramowanie\_Kodilla\kodilla-course\kodilla-spring\build\classes\java\main\com\kodilla\spring\SpringRunner.class]]
15:46:30.698 [Test worker] DEBUG org.springframework.context.annotation.ClassPathScanningCandidateComponentProvider - Identified candidate component class: file [D:\_P_WKurcab\P_rogramowanie\_Kodilla\kodilla-course\kodilla-spring\build\classes\java\main\com\kodilla\spring\SpringRunner.class]
15:46:30.699 [Test worker] INFO org.springframework.boot.test.context.SpringBootTestContextBootstrapper - Found @SpringBootConfiguration com.kodilla.spring.SpringRunner for test class com.kodilla.spring.calculator.CalculatorTestSuite
15:46:30.786 [Test worker] DEBUG org.springframework.boot.test.context.SpringBootTestContextBootstrapper - @TestExecutionListeners is not present for class [com.kodilla.spring.calculator.CalculatorTestSuite]: using defaults.
15:46:30.786 [Test worker] INFO org.springframework.boot.test.context.SpringBootTestContextBootstrapper - Loaded default TestExecutionListener class names from location [META-INF/spring.factories]: [org.springframework.boot.test.autoconfigure.restdocs.RestDocsTestExecutionListener, org.springframework.boot.test.autoconfigure.web.client.MockRestServiceServerResetTestExecutionListener, org.springframework.boot.test.autoconfigure.web.servlet.MockMvcPrintOnlyOnFailureTestExecutionListener, org.springframework.boot.test.autoconfigure.web.servlet.WebDriverTestExecutionListener, org.springframework.boot.test.mock.mockito.MockitoTestExecutionListener, org.springframework.boot.test.mock.mockito.ResetMocksTestExecutionListener, org.springframework.test.context.web.ServletTestExecutionListener, org.springframework.test.context.support.DirtiesContextBeforeModesTestExecutionListener, org.springframework.test.context.support.DependencyInjectionTestExecutionListener, org.springframework.test.context.support.DirtiesContextTestExecutionListener, org.springframework.test.context.transaction.TransactionalTestExecutionListener, org.springframework.test.context.jdbc.SqlScriptsTestExecutionListener]
15:46:30.796 [Test worker] DEBUG org.springframework.boot.test.context.SpringBootTestContextBootstrapper - Skipping candidate TestExecutionListener [org.springframework.test.context.web.ServletTestExecutionListener] due to a missing dependency. Specify custom listener classes or make the default listener classes and their required dependencies available. Offending class: [javax/servlet/ServletContext]
15:46:30.799 [Test worker] DEBUG org.springframework.boot.test.context.SpringBootTestContextBootstrapper - Skipping candidate TestExecutionListener [org.springframework.test.context.transaction.TransactionalTestExecutionListener] due to a missing dependency. Specify custom listener classes or make the default listener classes and their required dependencies available. Offending class: [org/springframework/transaction/interceptor/TransactionAttributeSource]
15:46:30.799 [Test worker] DEBUG org.springframework.boot.test.context.SpringBootTestContextBootstrapper - Skipping candidate TestExecutionListener [org.springframework.test.context.jdbc.SqlScriptsTestExecutionListener] due to a missing dependency. Specify custom listener classes or make the default listener classes and their required dependencies available. Offending class: [org/springframework/transaction/interceptor/TransactionAttribute]
15:46:30.799 [Test worker] INFO org.springframework.boot.test.context.SpringBootTestContextBootstrapper - Using TestExecutionListeners: [org.springframework.test.context.support.DirtiesContextBeforeModesTestExecutionListener@7f3fce04, org.springframework.boot.test.mock.mockito.MockitoTestExecutionListener@45f5c6e9, org.springframework.boot.test.autoconfigure.SpringBootDependencyInjectionTestExecutionListener@2a3c0161, org.springframework.test.context.support.DirtiesContextTestExecutionListener@6a918d45, org.springframework.boot.test.autoconfigure.restdocs.RestDocsTestExecutionListener@6bdf31fd, org.springframework.boot.test.autoconfigure.web.client.MockRestServiceServerResetTestExecutionListener@7660e1, org.springframework.boot.test.autoconfigure.web.servlet.MockMvcPrintOnlyOnFailureTestExecutionListener@4a0b4e87, org.springframework.boot.test.autoconfigure.web.servlet.WebDriverTestExecutionListener@2c960926, org.springframework.boot.test.mock.mockito.ResetMocksTestExecutionListener@3ed49590]
15:46:30.801 [Test worker] DEBUG org.springframework.test.annotation.ProfileValueUtils - Retrieved @ProfileValueSourceConfiguration [null] for test class [com.kodilla.spring.calculator.CalculatorTestSuite]
15:46:30.802 [Test worker] DEBUG org.springframework.test.annotation.ProfileValueUtils - Retrieved ProfileValueSource type [class org.springframework.test.annotation.SystemProfileValueSource] for class [com.kodilla.spring.calculator.CalculatorTestSuite]
15:46:30.802 [Test worker] DEBUG org.springframework.test.annotation.ProfileValueUtils - Retrieved @ProfileValueSourceConfiguration [null] for test class [com.kodilla.spring.calculator.CalculatorTestSuite]
15:46:30.802 [Test worker] DEBUG org.springframework.test.annotation.ProfileValueUtils - Retrieved ProfileValueSource type [class org.springframework.test.annotation.SystemProfileValueSource] for class [com.kodilla.spring.calculator.CalculatorTestSuite]
15:46:30.806 [Test worker] DEBUG org.springframework.test.context.support.AbstractDirtiesContextTestExecutionListener - Before test class: context [DefaultTestContext@38cfac39 testClass = CalculatorTestSuite, testInstance = [null], testMethod = [null], testException = [null], mergedContextConfiguration = [MergedContextConfiguration@38d07a51 testClass = CalculatorTestSuite, locations = '{}', classes = '{class com.kodilla.spring.SpringRunner}', contextInitializerClasses = '[]', activeProfiles = '{}', propertySourceLocations = '{}', propertySourceProperties = '{org.springframework.boot.test.context.SpringBootTestContextBootstrapper=true}', contextCustomizers = set[org.springframework.boot.test.autoconfigure.properties.PropertyMappingContextCustomizer@0, org.springframework.boot.test.autoconfigure.web.servlet.WebDriverContextCustomizerFactory$Customizer@2321804, org.springframework.boot.test.context.filter.ExcludeFilterContextCustomizer@7e875a4e, org.springframework.boot.test.json.DuplicateJsonObjectContextCustomizerFactory$DuplicateJsonObjectContextCustomizer@711ebf67, org.springframework.boot.test.mock.mockito.MockitoContextCustomizer@0, org.springframework.boot.test.web.client.TestRestTemplateContextCustomizer@3a830f23], contextLoader = 'org.springframework.boot.test.context.SpringBootContextLoader', parent = [null]], attributes = map[[empty]]], class annotated with @DirtiesContext [false] with mode [null].
15:46:30.806 [Test worker] DEBUG org.springframework.test.annotation.ProfileValueUtils - Retrieved @ProfileValueSourceConfiguration [null] for test class [com.kodilla.spring.calculator.CalculatorTestSuite]
15:46:30.806 [Test worker] DEBUG org.springframework.test.annotation.ProfileValueUtils - Retrieved ProfileValueSource type [class org.springframework.test.annotation.SystemProfileValueSource] for class [com.kodilla.spring.calculator.CalculatorTestSuite]
15:46:30.809 [Test worker] DEBUG org.springframework.test.context.support.DependencyInjectionTestExecutionListener - Performing dependency injection for test context [[DefaultTestContext@38cfac39 testClass = CalculatorTestSuite, testInstance = com.kodilla.spring.calculator.CalculatorTestSuite@15557cd5, testMethod = [null], testException = [null], mergedContextConfiguration = [MergedContextConfiguration@38d07a51 testClass = CalculatorTestSuite, locations = '{}', classes = '{class com.kodilla.spring.SpringRunner}', contextInitializerClasses = '[]', activeProfiles = '{}', propertySourceLocations = '{}', propertySourceProperties = '{org.springframework.boot.test.context.SpringBootTestContextBootstrapper=true}', contextCustomizers = set[org.springframework.boot.test.autoconfigure.properties.PropertyMappingContextCustomizer@0, org.springframework.boot.test.autoconfigure.web.servlet.WebDriverContextCustomizerFactory$Customizer@2321804, org.springframework.boot.test.context.filter.ExcludeFilterContextCustomizer@7e875a4e, org.springframework.boot.test.json.DuplicateJsonObjectContextCustomizerFactory$DuplicateJsonObjectContextCustomizer@711ebf67, org.springframework.boot.test.mock.mockito.MockitoContextCustomizer@0, org.springframework.boot.test.web.client.TestRestTemplateContextCustomizer@3a830f23], contextLoader = 'org.springframework.boot.test.context.SpringBootContextLoader', parent = [null]], attributes = map[[empty]]]].
15:46:30.822 [Test worker] DEBUG org.springframework.core.env.StandardEnvironment - Adding PropertySource 'systemProperties' with lowest search precedence
15:46:30.822 [Test worker] DEBUG org.springframework.core.env.StandardEnvironment - Adding PropertySource 'systemEnvironment' with lowest search precedence
15:46:30.822 [Test worker] DEBUG org.springframework.core.env.StandardEnvironment - Initialized StandardEnvironment with PropertySources [MapPropertySource@1458195923 {name='systemProperties', properties={java.runtime.name=Java(TM) SE Runtime Environment, sun.boot.library.path=C:\Program Files\Java\jdk1.8.0_201\jre\bin, java.vm.version=25.201-b09, java.vm.vendor=Oracle Corporation, java.vendor.url=http://java.oracle.com/, path.separator=;, java.vm.name=Java HotSpot(TM) 64-Bit Server VM, file.encoding.pkg=sun.io, user.script=, sun.java.launcher=SUN_STANDARD, user.country=PL, sun.os.patch.level=, java.vm.specification.name=Java Virtual Machine Specification, user.dir=D:\_P_WKurcab\P_rogramowanie\_Kodilla\kodilla-course\kodilla-spring, java.runtime.version=1.8.0_201-b09, java.awt.graphicsenv=sun.awt.Win32GraphicsEnvironment, java.endorsed.dirs=C:\Program Files\Java\jdk1.8.0_201\jre\lib\endorsed, os.arch=amd64, java.io.tmpdir=C:\Windows\TEMP\, line.separator=
, java.vm.specification.vendor=Oracle Corporation, user.variant=, os.name=Windows 10, sun.jnu.encoding=Cp1250, java.library.path=C:\Program Files\Java\jdk1.8.0_201\bin;C:\windows\Sun\Java\bin;C:\windows\system32;C:\windows;C:\Program Files\Java\jdk1.8.0_201\bin;C:\Program Files (x86)\Common Files\Intel\Shared Libraries\redist\ia32\mpirt;C:\Program Files (x86)\Common Files\Intel\Shared Libraries\redist\ia32\compiler;C:\Program Files (x86)\Common Files\Oracle\Java\javapath;C:\ProgramData\Oracle\Java\javapath;C:\windows\system32;C:\windows;C:\windows\System32\Wbem;C:\windows\System32\WindowsPowerShell\v1.0\;C:\windows\System32\OpenSSH\;C:\Program Files\Git\cmd;C:\Users\rr151459\AppData\Local\Microsoft\WindowsApps;C:\Users\rr151459\AppData\Local\Programs\Git\cmd;C:\Users\rr151459\AppData\Local\Programs\Git\mingw64\bin;C:\Users\rr151459\AppData\Local\Programs\Git\usr\bin;., java.specification.name=Java Platform API Specification, java.class.version=52.0, org.gradle.native=false, sun.management.compiler=HotSpot 64-Bit Tiered Compilers, os.version=10.0, user.home=C:\Users\rr151459, user.timezone=Europe/Prague, java.awt.printerjob=sun.awt.windows.WPrinterJob, file.encoding=windows-1250, java.specification.version=1.8, java.class.path=D:\_P_WKurcab\P_rogramowanie\_Kodilla\kodilla-course\kodilla-spring\build\classes\java\test;D:\_P_WKurcab\P_rogramowanie\_Kodilla\kodilla-course\kodilla-spring\build\resources\test;D:\_P_WKurcab\P_rogramowanie\_Kodilla\kodilla-course\kodilla-spring\build\classes\java\main;D:\_P_WKurcab\P_rogramowanie\_Kodilla\kodilla-course\kodilla-spring\build\resources\main;C:\Users\rr151459\.gradle\caches\modules-2\files-2.1\org.springframework.boot\spring-boot-starter-test\2.0.1.RELEASE\d6204ede44fa7e1df01d25509837bfa4b767fa28\spring-boot-starter-test-2.0.1.RELEASE.jar;C:\Users\rr151459\.gradle\caches\modules-2\files-2.1\org.springframework.boot\spring-boot-starter\2.0.1.RELEASE\33abc1286b0aabea4f08ff4285d09e587835a716\spring-boot-starter-2.0.1.RELEASE.jar;C:\Users\rr151459\.gradle\caches\modules-2\files-2.1\org.springframework.boot\spring-boot-test-autoconfigure\2.0.1.RELEASE\c7a68c07f2a04323a67740f91d20818ec2e783b3\spring-boot-test-autoconfigure-2.0.1.RELEASE.jar;C:\Users\rr151459\.gradle\caches\modules-2\files-2.1\org.springframework.boot\spring-boot-autoconfigure\2.0.1.RELEASE\b0bf9d34ed70c6987a86cd58a009065e5fa02545\spring-boot-autoconfigure-2.0.1.RELEASE.jar;C:\Users\rr151459\.gradle\caches\modules-2\files-2.1\org.springframework.boot\spring-boot-test\2.0.1.RELEASE\77cede07b0e9da6c87d0dabcfe3e53ac56747d73\spring-boot-test-2.0.1.RELEASE.jar;C:\Users\rr151459\.gradle\caches\modules-2\files-2.1\org.springframework.boot\spring-boot\2.0.1.RELEASE\b8c5b14cbb0e52fdded8f98a8c1493cc74c7cf59\spring-boot-2.0.1.RELEASE.jar;C:\Users\rr151459\.gradle\caches\modules-2\files-2.1\org.springframework.boot\spring-boot-starter-logging\2.0.1.RELEASE\10681a28c95e9f9c0159327a1ed0c860517c7ad7\spring-boot-starter-logging-2.0.1.RELEASE.jar;C:\Users\rr151459\.gradle\caches\modules-2\files-2.1\javax.annotation\javax.annotation-api\1.3.2\934c04d3cfef185a8008e7bf34331b79730a9d43\javax.annotation-api-1.3.2.jar;C:\Users\rr151459\.gradle\caches\modules-2\files-2.1\org.springframework\spring-test\5.0.5.RELEASE\f7e3b83447e54056a91de1294ae6888343648dff\spring-test-5.0.5.RELEASE.jar;C:\Users\rr151459\.gradle\caches\modules-2\files-2.1\org.springframework\spring-context\5.0.5.RELEASE\9cca4bf5acb693249a01c218f471c677b951d6e2\spring-context-5.0.5.RELEASE.jar;C:\Users\rr151459\.gradle\caches\modules-2\files-2.1\org.springframework\spring-aop\5.0.5.RELEASE\b11b61b94d7fb752a1c9bf3461d655c3084fae47\spring-aop-5.0.5.RELEASE.jar;C:\Users\rr151459\.gradle\caches\modules-2\files-2.1\org.springframework\spring-beans\5.0.5.RELEASE\984445863c0bbdaaf860615762d998b471a6bf92\spring-beans-5.0.5.RELEASE.jar;C:\Users\rr151459\.gradle\caches\modules-2\files-2.1\org.springframework\spring-expression\5.0.5.RELEASE\fc6c7a95aeb7d00f4c65c338b08d97767eb0dd99\spring-expression-5.0.5.RELEASE.jar;C:\Users\rr151459\.gradle\caches\modules-2\files-2.1\org.springframework\spring-core\5.0.5.RELEASE\1bd9feb1d9dac6accd27f5244b6c47cfcb55045c\spring-core-5.0.5.RELEASE.jar;C:\Users\rr151459\.gradle\caches\modules-2\files-2.1\org.yaml\snakeyaml\1.19\2d998d3d674b172a588e54ab619854d073f555b5\snakeyaml-1.19.jar;C:\Users\rr151459\.gradle\caches\modules-2\files-2.1\com.jayway.jsonpath\json-path\2.4.0\765a4401ceb2dc8d40553c2075eb80a8fa35c2ae\json-path-2.4.0.jar;C:\Users\rr151459\.gradle\caches\modules-2\files-2.1\junit\junit\4.12\2973d150c0dc1fefe998f834810d68f278ea58ec\junit-4.12.jar;C:\Users\rr151459\.gradle\caches\modules-2\files-2.1\org.assertj\assertj-core\3.9.1\c5ce126b15f28d56cd8f960c1a6a058b9c9aea87\assertj-core-3.9.1.jar;C:\Users\rr151459\.gradle\caches\modules-2\files-2.1\org.mockito\mockito-core\2.15.0\b84bfbbc29cd22c9529409627af6ea2897f4fa85\mockito-core-2.15.0.jar;C:\Users\rr151459\.gradle\caches\modules-2\files-2.1\org.hamcrest\hamcrest-library\1.3\4785a3c21320980282f9f33d0d1264a69040538f\hamcrest-library-1.3.jar;C:\Users\rr151459\.gradle\caches\modules-2\files-2.1\org.hamcrest\hamcrest-core\1.3\42a25dc3219429f0e5d060061f71acb49bf010a0\hamcrest-core-1.3.jar;C:\Users\rr151459\.gradle\caches\modules-2\files-2.1\org.skyscreamer\jsonassert\1.5.0\6c9d5fe2f59da598d9aefc1cfc6528ff3cf32df3\jsonassert-1.5.0.jar;C:\Users\rr151459\.gradle\caches\modules-2\files-2.1\org.xmlunit\xmlunit-core\2.5.1\4ffdb346572a7356f7521cd3119ce5287d2e339d\xmlunit-core-2.5.1.jar;C:\Users\rr151459\.gradle\caches\modules-2\files-2.1\ch.qos.logback\logback-classic\1.2.3\7c4f3c474fb2c041d8028740440937705ebb473a\logback-classic-1.2.3.jar;C:\Users\rr151459\.gradle\caches\modules-2\files-2.1\org.apache.logging.log4j\log4j-to-slf4j\2.10.0\f7e631ccf49cfc0aefa4a2a728da7d374c05bd3c\log4j-to-slf4j-2.10.0.jar;C:\Users\rr151459\.gradle\caches\modules-2\files-2.1\org.slf4j\jul-to-slf4j\1.7.25\af5364cd6679bfffb114f0dec8a157aaa283b76\jul-to-slf4j-1.7.25.jar;C:\Users\rr151459\.gradle\caches\modules-2\files-2.1\org.springframework\spring-jcl\5.0.5.RELEASE\f4a2854b9d865e8b86717595aec16f877f8c6489\spring-jcl-5.0.5.RELEASE.jar;C:\Users\rr151459\.gradle\caches\modules-2\files-2.1\net.minidev\json-smart\2.3\7396407491352ce4fa30de92efb158adb76b5b\json-smart-2.3.jar;C:\Users\rr151459\.gradle\caches\modules-2\files-2.1\org.slf4j\slf4j-api\1.7.25\da76ca59f6a57ee3102f8f9bd9cee742973efa8a\slf4j-api-1.7.25.jar;C:\Users\rr151459\.gradle\caches\modules-2\files-2.1\net.bytebuddy\byte-buddy\1.7.11\f02857a4e2c66ccbe7aaad6100a0a6c461bce9b3\byte-buddy-1.7.11.jar;C:\Users\rr151459\.gradle\caches\modules-2\files-2.1\net.bytebuddy\byte-buddy-agent\1.7.11\b425a8933ca07edd03c6dbc8bc3b595fba9780de\byte-buddy-agent-1.7.11.jar;C:\Users\rr151459\.gradle\caches\modules-2\files-2.1\org.objenesis\objenesis\2.6\639033469776fd37c08358c6b92a4761feb2af4b\objenesis-2.6.jar;C:\Users\rr151459\.gradle\caches\modules-2\files-2.1\com.vaadin.external.google\android-json\0.0.20131108.vaadin1\fa26d351fe62a6a17f5cda1287c1c6110dec413f\android-json-0.0.20131108.vaadin1.jar;C:\Users\rr151459\.gradle\caches\modules-2\files-2.1\ch.qos.logback\logback-core\1.2.3\864344400c3d4d92dfeb0a305dc87d953677c03c\logback-core-1.2.3.jar;C:\Users\rr151459\.gradle\caches\modules-2\files-2.1\org.apache.logging.log4j\log4j-api\2.10.0\fec5797a55b786184a537abd39c3fa1449d752d6\log4j-api-2.10.0.jar;C:\Users\rr151459\.gradle\caches\modules-2\files-2.1\net.minidev\accessors-smart\1.2\c592b500269bfde36096641b01238a8350f8aa31\accessors-smart-1.2.jar;C:\Users\rr151459\.gradle\caches\modules-2\files-2.1\org.ow2.asm\asm\5.0.4\da08b8cce7bbf903602a25a3a163ae252435795\asm-5.0.4.jar, user.name=rr151459, java.vm.specification.version=1.8, sun.java.command=worker.org.gradle.process.internal.worker.GradleWorkerMain 'Gradle Test Executor 7', java.home=C:\Program Files\Java\jdk1.8.0_201\jre, sun.arch.data.model=64, user.language=pl, java.specification.vendor=Oracle Corporation, awt.toolkit=sun.awt.windows.WToolkit, java.vm.info=mixed mode, java.version=1.8.0_201, java.ext.dirs=C:\Program Files\Java\jdk1.8.0_201\jre\lib\ext;C:\windows\Sun\Java\lib\ext, sun.boot.class.path=C:\Program Files\Java\jdk1.8.0_201\jre\lib\resources.jar;C:\Program Files\Java\jdk1.8.0_201\jre\lib\rt.jar;C:\Program Files\Java\jdk1.8.0_201\jre\lib\sunrsasign.jar;C:\Program Files\Java\jdk1.8.0_201\jre\lib\jsse.jar;C:\Program Files\Java\jdk1.8.0_201\jre\lib\jce.jar;C:\Program Files\Java\jdk1.8.0_201\jre\lib\charsets.jar;C:\Program Files\Java\jdk1.8.0_201\jre\lib\jfr.jar;C:\Program Files\Java\jdk1.8.0_201\jre\classes, java.vendor=Oracle Corporation, org.gradle.test.worker=7, file.separator=\, java.vendor.url.bug=http://bugreport.sun.com/bugreport/, sun.io.unicode.encoding=UnicodeLittle, sun.cpu.endian=little, sun.desktop=windows, sun.cpu.isalist=amd64}}, SystemEnvironmentPropertySource@1063387620 {name='systemEnvironment', properties={USERDOMAIN_ROAMINGPROFILE=WALSTEAD, =U:=U:\, PROCESSOR_LEVEL=6, SESSIONNAME=Console, ALLUSERSPROFILE=C:\ProgramData, INTEL_DEV_REDIST=C:\Program Files (x86)\Common Files\Intel\Shared Libraries\, PROCESSOR_ARCHITECTURE=AMD64, PSModulePath=C:\Program Files\WindowsPowerShell\Modules;C:\windows\system32\WindowsPowerShell\v1.0\Modules, __INTELLIJ_COMMAND_HISTFILE__=C:\Users\rr151459\.IntelliJIdea2019.2\config\terminal\history\history-79, SystemDrive=C:, =ExitCode=00000000, DIRNAME=D:\_P_WKurcab\P_rogramowanie\_Kodilla\kodilla-course\, USERNAME=rr151459, USERDNSDOMAIN=WALSTEAD.PL, =Z:=Z:\, CMD_LINE_ARGS=build, ProgramFiles(x86)=C:\Program Files (x86), APP_HOME=D:\_P_WKurcab\P_rogramowanie\_Kodilla\kodilla-course\, DEFAULT_JVM_OPTS="-Xmx64m", PATHEXT=.COM;.EXE;.BAT;.CMD;.VBS;.VBE;.JS;.JSE;.WSF;.WSH;.MSC, DriverData=C:\Windows\System32\Drivers\DriverData, MYSQL_DATABASE_PASSWORD=kodilla_password, ProgramData=C:\ProgramData, =F:=F:\, ProgramW6432=C:\Program Files, HOMEPATH=\Users\rr151459, PROCESSOR_IDENTIFIER=Intel64 Family 6 Model 142 Stepping 10, GenuineIntel, ProgramFiles=C:\Program Files, PUBLIC=C:\Users\Public, windir=C:\windows, =::=::\, _SKIP=2, LOCALAPPDATA=C:\Users\rr151459\AppData\Local, USERDOMAIN=WALSTEAD, LOGONSERVER=\\PWPKR1-DC2, PROMPT=$P$G, =K:=K:\, OneDrive=C:\Users\Administrator\OneDrive, =C:=C:\, APPDATA=C:\Users\rr151459\AppData\Roaming, JAVA_EXE=java.exe, CommonProgramFiles=C:\Program Files\Common Files, Path=C:\Program Files\Java\jdk1.8.0_201\bin;C:\Program Files (x86)\Common Files\Intel\Shared Libraries\redist\ia32\mpirt;C:\Program Files (x86)\Common Files\Intel\Shared Libraries\redist\ia32\compiler;C:\Program Files (x86)\Common Files\Oracle\Java\javapath;C:\ProgramData\Oracle\Java\javapath;C:\windows\system32;C:\windows;C:\windows\System32\Wbem;C:\windows\System32\WindowsPowerShell\v1.0\;C:\windows\System32\OpenSSH\;C:\Program Files\Git\cmd;C:\Users\rr151459\AppData\Local\Microsoft\WindowsApps;C:\Users\rr151459\AppData\Local\Programs\Git\cmd;C:\Users\rr151459\AppData\Local\Programs\Git\mingw64\bin;C:\Users\rr151459\AppData\Local\Programs\Git\usr\bin, OS=Windows_NT, COMPUTERNAME=PL-08818-L2979, PROCESSOR_REVISION=8e0a, CLASSPATH=D:\_P_WKurcab\P_rogramowanie\_Kodilla\kodilla-course\\gradle\wrapper\gradle-wrapper.jar, CommonProgramW6432=C:\Program Files\Common Files, ComSpec=C:\windows\system32\cmd.exe, APP_BASE_NAME=gradlew, TERMINAL_EMULATOR=JetBrains-JediTerm, MYSQL_DATABASE_USERNAME=kodilla_user, =D:=D:\_P_WKurcab\P_rogramowanie\_Kodilla\kodilla-course, SystemRoot=C:\windows, TEMP=C:\Windows\TEMP, HOMEDRIVE=C:, USERPROFILE=C:\Users\rr151459, TMP=C:\Windows\TEMP, CommonProgramFiles(x86)=C:\Program Files (x86)\Common Files, NUMBER_OF_PROCESSORS=8, IDEA_INITIAL_DIRECTORY=C:\Users\rr151459\Desktop\Nowy folder}}]
15:46:30.824 [Test worker] DEBUG org.springframework.test.context.support.TestPropertySourceUtils - Adding inlined properties to environment: {spring.jmx.enabled=false, org.springframework.boot.test.context.SpringBootTestContextBootstrapper=true, server.port=-1}
15:46:30.824 [Test worker] DEBUG org.springframework.core.env.StandardEnvironment - Adding PropertySource 'Inlined Test Properties' with highest search precedence

  .   ____          _            __ _ _
 /\\ / ___'_ __ _ _(_)_ __  __ _ \ \ \ \
( ( )\___ | '_ | '_| | '_ \/ _` | \ \ \ \
 \\/  ___)| |_)| | | | | || (_| |  ) ) ) )
  '  |____| .__|_| |_|_| |_\__, | / / / /
 =========|_|==============|___/=/_/_/_/
 :: Spring Boot ::        (v2.0.1.RELEASE)

2019-10-17 15:46:31.004  INFO 140 --- [    Test worker] c.k.s.calculator.CalculatorTestSuite     : Starting CalculatorTestSuite on PL-08818-L2979 with PID 140 (started by rr151459 in D:\_P_WKurcab\P_rogramowanie\_Kodilla\kodilla-course\kodilla-spring)
2019-10-17 15:46:31.005  INFO 140 --- [    Test worker] c.k.s.calculator.CalculatorTestSuite     : No active profile set, falling back to default profiles: default
2019-10-17 15:46:31.029  INFO 140 --- [    Test worker] s.c.a.AnnotationConfigApplicationContext : Refreshing org.springframework.context.annotation.AnnotationConfigApplicationContext@3b53aa0f: startup date [Thu Oct 17 15:46:31 CEST 2019]; root of context hierarchy
2019-10-17 15:46:31.250  INFO 140 --- [    Test worker] o.s.b.f.s.DefaultListableBeanFactory     : Overriding bean definition for bean 'library' with a different definition: replacing [Generic bean: class [com.kodilla.spring.library.Library]; scope=singleton; abstract=false; lazyInit=false; autowireMode=0; dependencyCheck=0; autowireCandidate=true; primary=false; factoryBeanName=null; factoryMethodName=null; initMethodName=null; destroyMethodName=null; defined in file [D:\_P_WKurcab\P_rogramowanie\_Kodilla\kodilla-course\kodilla-spring\build\classes\java\main\com\kodilla\spring\library\Library.class]] with [Root bean: class [null]; scope=; abstract=false; lazyInit=false; autowireMode=3; dependencyCheck=0; autowireCandidate=true; primary=false; factoryBeanName=libraryConfig; factoryMethodName=library; initMethodName=null; destroyMethodName=(inferred); defined in class path resource [com/kodilla/spring/library/LibraryConfig.class]]
2019-10-17 15:46:31.252  INFO 140 --- [    Test worker] o.s.b.f.s.DefaultListableBeanFactory     : Overriding bean definition for bean 'libraryDbController' with a different definition: replacing [Generic bean: class [com.kodilla.spring.library.LibraryDbController]; scope=singleton; abstract=false; lazyInit=false; autowireMode=0; dependencyCheck=0; autowireCandidate=true; primary=false; factoryBeanName=null; factoryMethodName=null; initMethodName=null; destroyMethodName=null; defined in file [D:\_P_WKurcab\P_rogramowanie\_Kodilla\kodilla-course\kodilla-spring\build\classes\java\main\com\kodilla\spring\library\LibraryDbController.class]] with [Root bean: class [null]; scope=; abstract=false; lazyInit=false; autowireMode=3; dependencyCheck=0; autowireCandidate=true; primary=false; factoryBeanName=libraryConfig; factoryMethodName=libraryDbController; initMethodName=null; destroyMethodName=(inferred); defined in class path resource [com/kodilla/spring/library/LibraryConfig.class]]
2019-10-17 15:46:31.253  INFO 140 --- [    Test worker] o.s.b.f.s.DefaultListableBeanFactory     : Overriding bean definition for bean 'board' with a different definition: replacing [Generic bean: class [com.kodilla.spring.portfolio.Board]; scope=singleton; abstract=false; lazyInit=false; autowireMode=0; dependencyCheck=0; autowireCandidate=true; primary=false; factoryBeanName=null; factoryMethodName=null; initMethodName=null; destroyMethodName=null; defined in file [D:\_P_WKurcab\P_rogramowanie\_Kodilla\kodilla-course\kodilla-spring\build\classes\java\main\com\kodilla\spring\portfolio\Board.class]] with [Root bean: class [null]; scope=; abstract=false; lazyInit=false; autowireMode=3; dependencyCheck=0; autowireCandidate=true; primary=false; factoryBeanName=boardConfig; factoryMethodName=board; initMethodName=null; destroyMethodName=(inferred); defined in class path resource [com/kodilla/spring/portfolio/BoardConfig.class]]
2019-10-17 15:46:31.556  INFO 140 --- [    Test worker] c.k.s.calculator.CalculatorTestSuite     : Started CalculatorTestSuite in 0.73 seconds (JVM running for 1.784)
13.2
1.2000000000000002
43.2
1.2
]]></system-out>
  <system-err><![CDATA[]]></system-err>
</testsuite>
