<?xml version="1.0" encoding="UTF-8"?>
<testsuite name="com.kodilla.spring.reader.ReaderTestSuite" tests="2" skipped="0" failures="0" errors="0" timestamp="2019-10-27T12:39:51" hostname="DESKTOP-VT08279" time="0.116">
  <properties/>
  <testcase name="testRead" classname="com.kodilla.spring.reader.ReaderTestSuite" time="0.054"/>
  <testcase name="testConditional" classname="com.kodilla.spring.reader.ReaderTestSuite" time="0.06"/>
  <system-out><![CDATA[2019-10-27 13:39:51.185  INFO 1496 --- [    Test worker] s.c.a.AnnotationConfigApplicationContext : Refreshing org.springframework.context.annotation.AnnotationConfigApplicationContext@2a474021: startup date [Sun Oct 27 13:39:51 CET 2019]; root of context hierarchy
Reading: The book number one
2019-10-27 13:39:51.231  INFO 1496 --- [    Test worker] s.c.a.AnnotationConfigApplicationContext : Refreshing org.springframework.context.annotation.AnnotationConfigApplicationContext@23cbf5b9: startup date [Sun Oct 27 13:39:51 CET 2019]; root of context hierarchy
Bean book2 was found in the container: true
]]></system-out>
  <system-err><![CDATA[]]></system-err>
</testsuite>
