<?xml version="1.0" encoding="UTF-8"?>
<testsuite name="com.kodilla.spring.calculator.CalculatorTestSuite" tests="1" skipped="0" failures="0" errors="0" timestamp="2019-07-06T08:35:08" hostname="DESKTOP-VT08279" time="0.003">
  <properties/>
  <testcase name="testCalculations" classname="com.kodilla.spring.calculator.CalculatorTestSuite" time="0.003"/>
  <system-out><![CDATA[2019-07-06 10:35:08.238  INFO 2604 --- [    Test worker] .b.t.c.SpringBootTestContextBootstrapper : Neither @ContextConfiguration nor @ContextHierarchy found for test class [com.kodilla.spring.calculator.CalculatorTestSuite], using SpringBootContextLoader
2019-07-06 10:35:08.238  INFO 2604 --- [    Test worker] o.s.t.c.support.AbstractContextLoader    : Could not detect default resource locations for test class [com.kodilla.spring.calculator.CalculatorTestSuite]: no resource found for suffixes {-context.xml, Context.groovy}.
2019-07-06 10:35:08.247  INFO 2604 --- [    Test worker] t.c.s.AnnotationConfigContextLoaderUtils : Could not detect default configuration classes for test class [com.kodilla.spring.calculator.CalculatorTestSuite]: CalculatorTestSuite does not declare any static, non-private, non-final, nested classes annotated with @Configuration.
2019-07-06 10:35:08.267  INFO 2604 --- [    Test worker] .b.t.c.SpringBootTestContextBootstrapper : Found @SpringBootConfiguration com.kodilla.spring.SpringRunner for test class com.kodilla.spring.calculator.CalculatorTestSuite
2019-07-06 10:35:08.269  INFO 2604 --- [    Test worker] .b.t.c.SpringBootTestContextBootstrapper : Loaded default TestExecutionListener class names from location [META-INF/spring.factories]: [org.springframework.boot.test.autoconfigure.restdocs.RestDocsTestExecutionListener, org.springframework.boot.test.autoconfigure.web.client.MockRestServiceServerResetTestExecutionListener, org.springframework.boot.test.autoconfigure.web.servlet.MockMvcPrintOnlyOnFailureTestExecutionListener, org.springframework.boot.test.autoconfigure.web.servlet.WebDriverTestExecutionListener, org.springframework.boot.test.mock.mockito.MockitoTestExecutionListener, org.springframework.boot.test.mock.mockito.ResetMocksTestExecutionListener, org.springframework.test.context.web.ServletTestExecutionListener, org.springframework.test.context.support.DirtiesContextBeforeModesTestExecutionListener, org.springframework.test.context.support.DependencyInjectionTestExecutionListener, org.springframework.test.context.support.DirtiesContextTestExecutionListener, org.springframework.test.context.transaction.TransactionalTestExecutionListener, org.springframework.test.context.jdbc.SqlScriptsTestExecutionListener]
2019-07-06 10:35:08.269  INFO 2604 --- [    Test worker] .b.t.c.SpringBootTestContextBootstrapper : Using TestExecutionListeners: [org.springframework.test.context.support.DirtiesContextBeforeModesTestExecutionListener@16945a97, org.springframework.boot.test.mock.mockito.MockitoTestExecutionListener@65be18ca, org.springframework.boot.test.autoconfigure.SpringBootDependencyInjectionTestExecutionListener@734e3fe4, org.springframework.test.context.support.DirtiesContextTestExecutionListener@4a2fa82b, org.springframework.boot.test.autoconfigure.restdocs.RestDocsTestExecutionListener@7edb131b, org.springframework.boot.test.autoconfigure.web.client.MockRestServiceServerResetTestExecutionListener@6b362c42, org.springframework.boot.test.autoconfigure.web.servlet.MockMvcPrintOnlyOnFailureTestExecutionListener@69859fdf, org.springframework.boot.test.autoconfigure.web.servlet.WebDriverTestExecutionListener@5e5c1c34, org.springframework.boot.test.mock.mockito.ResetMocksTestExecutionListener@78b99f2f]
13.2
1.2000000000000002
43.2
1.2
]]></system-out>
  <system-err><![CDATA[]]></system-err>
</testsuite>
