<?xml version="1.0" encoding="UTF-8"?>
<testsuite name="com.kodilla.spring.library.LibraryTestSuite" tests="3" skipped="0" failures="0" errors="0" timestamp="2019-10-17T13:46:31" hostname="PL-08818-L2979" time="0.52">
  <properties/>
  <testcase name="testSaveToDb" classname="com.kodilla.spring.library.LibraryTestSuite" time="0.157"/>
  <testcase name="testLoadFromDb" classname="com.kodilla.spring.library.LibraryTestSuite" time="0.177"/>
  <testcase name="testContext" classname="com.kodilla.spring.library.LibraryTestSuite" time="0.185"/>
  <system-out><![CDATA[2019-10-17 15:46:31.887  INFO 140 --- [    Test worker] .b.t.c.SpringBootTestContextBootstrapper : Neither @ContextConfiguration nor @ContextHierarchy found for test class [com.kodilla.spring.library.LibraryTestSuite], using SpringBootContextLoader
2019-10-17 15:46:31.889  INFO 140 --- [    Test worker] o.s.t.c.support.AbstractContextLoader    : Could not detect default resource locations for test class [com.kodilla.spring.library.LibraryTestSuite]: no resource found for suffixes {-context.xml, Context.groovy}.
2019-10-17 15:46:31.889  INFO 140 --- [    Test worker] t.c.s.AnnotationConfigContextLoaderUtils : Could not detect default configuration classes for test class [com.kodilla.spring.library.LibraryTestSuite]: LibraryTestSuite does not declare any static, non-private, non-final, nested classes annotated with @Configuration.
2019-10-17 15:46:31.896  INFO 140 --- [    Test worker] .b.t.c.SpringBootTestContextBootstrapper : Found @SpringBootConfiguration com.kodilla.spring.SpringRunner for test class com.kodilla.spring.library.LibraryTestSuite
2019-10-17 15:46:31.897  INFO 140 --- [    Test worker] .b.t.c.SpringBootTestContextBootstrapper : Loaded default TestExecutionListener class names from location [META-INF/spring.factories]: [org.springframework.boot.test.autoconfigure.restdocs.RestDocsTestExecutionListener, org.springframework.boot.test.autoconfigure.web.client.MockRestServiceServerResetTestExecutionListener, org.springframework.boot.test.autoconfigure.web.servlet.MockMvcPrintOnlyOnFailureTestExecutionListener, org.springframework.boot.test.autoconfigure.web.servlet.WebDriverTestExecutionListener, org.springframework.boot.test.mock.mockito.MockitoTestExecutionListener, org.springframework.boot.test.mock.mockito.ResetMocksTestExecutionListener, org.springframework.test.context.web.ServletTestExecutionListener, org.springframework.test.context.support.DirtiesContextBeforeModesTestExecutionListener, org.springframework.test.context.support.DependencyInjectionTestExecutionListener, org.springframework.test.context.support.DirtiesContextTestExecutionListener, org.springframework.test.context.transaction.TransactionalTestExecutionListener, org.springframework.test.context.jdbc.SqlScriptsTestExecutionListener]
2019-10-17 15:46:31.898  INFO 140 --- [    Test worker] .b.t.c.SpringBootTestContextBootstrapper : Using TestExecutionListeners: [org.springframework.test.context.support.DirtiesContextBeforeModesTestExecutionListener@3dfeae69, org.springframework.boot.test.mock.mockito.MockitoTestExecutionListener@6f85c193, org.springframework.boot.test.autoconfigure.SpringBootDependencyInjectionTestExecutionListener@50419605, org.springframework.test.context.support.DirtiesContextTestExecutionListener@42079348, org.springframework.boot.test.autoconfigure.restdocs.RestDocsTestExecutionListener@ac2f087, org.springframework.boot.test.autoconfigure.web.client.MockRestServiceServerResetTestExecutionListener@4b8a2115, org.springframework.boot.test.autoconfigure.web.servlet.MockMvcPrintOnlyOnFailureTestExecutionListener@172777df, org.springframework.boot.test.autoconfigure.web.servlet.WebDriverTestExecutionListener@69c42ba0, org.springframework.boot.test.mock.mockito.ResetMocksTestExecutionListener@749fb8d7]
2019-10-17 15:46:31.916  INFO 140 --- [    Test worker] s.c.a.AnnotationConfigApplicationContext : Refreshing org.springframework.context.annotation.AnnotationConfigApplicationContext@6e87add8: startup date [Thu Oct 17 15:46:31 CEST 2019]; root of context hierarchy
2019-10-17 15:46:31.975  INFO 140 --- [    Test worker] o.s.b.f.s.DefaultListableBeanFactory     : Overriding bean definition for bean 'library' with a different definition: replacing [Generic bean: class [com.kodilla.spring.library.Library]; scope=singleton; abstract=false; lazyInit=false; autowireMode=0; dependencyCheck=0; autowireCandidate=true; primary=false; factoryBeanName=null; factoryMethodName=null; initMethodName=null; destroyMethodName=null; defined in file [D:\_P_WKurcab\P_rogramowanie\_Kodilla\kodilla-course\kodilla-spring\build\classes\java\main\com\kodilla\spring\library\Library.class]] with [Root bean: class [null]; scope=; abstract=false; lazyInit=false; autowireMode=3; dependencyCheck=0; autowireCandidate=true; primary=false; factoryBeanName=libraryConfig; factoryMethodName=library; initMethodName=null; destroyMethodName=(inferred); defined in com.kodilla.spring.library.LibraryConfig]
2019-10-17 15:46:31.976  INFO 140 --- [    Test worker] o.s.b.f.s.DefaultListableBeanFactory     : Overriding bean definition for bean 'libraryDbController' with a different definition: replacing [Generic bean: class [com.kodilla.spring.library.LibraryDbController]; scope=singleton; abstract=false; lazyInit=false; autowireMode=0; dependencyCheck=0; autowireCandidate=true; primary=false; factoryBeanName=null; factoryMethodName=null; initMethodName=null; destroyMethodName=null; defined in file [D:\_P_WKurcab\P_rogramowanie\_Kodilla\kodilla-course\kodilla-spring\build\classes\java\main\com\kodilla\spring\library\LibraryDbController.class]] with [Root bean: class [null]; scope=; abstract=false; lazyInit=false; autowireMode=3; dependencyCheck=0; autowireCandidate=true; primary=false; factoryBeanName=libraryConfig; factoryMethodName=libraryDbController; initMethodName=null; destroyMethodName=(inferred); defined in com.kodilla.spring.library.LibraryConfig]
2019-10-17 15:46:31.976  INFO 140 --- [    Test worker] o.s.b.f.s.DefaultListableBeanFactory     : Overriding bean definition for bean 'board' with a different definition: replacing [Generic bean: class [com.kodilla.spring.portfolio.Board]; scope=singleton; abstract=false; lazyInit=false; autowireMode=0; dependencyCheck=0; autowireCandidate=true; primary=false; factoryBeanName=null; factoryMethodName=null; initMethodName=null; destroyMethodName=null; defined in file [D:\_P_WKurcab\P_rogramowanie\_Kodilla\kodilla-course\kodilla-spring\build\classes\java\main\com\kodilla\spring\portfolio\Board.class]] with [Root bean: class [null]; scope=; abstract=false; lazyInit=false; autowireMode=3; dependencyCheck=0; autowireCandidate=true; primary=false; factoryBeanName=boardConfig; factoryMethodName=board; initMethodName=null; destroyMethodName=(inferred); defined in com.kodilla.spring.portfolio.BoardConfig]
2019-10-17 15:46:32.056  INFO 140 --- [    Test worker] o.s.j.e.a.AnnotationMBeanExporter        : Registering beans for JMX exposure on startup
Saving data to the database
2019-10-17 15:46:32.074  INFO 140 --- [    Test worker] s.c.a.AnnotationConfigApplicationContext : Refreshing org.springframework.context.annotation.AnnotationConfigApplicationContext@426db471: startup date [Thu Oct 17 15:46:32 CEST 2019]; root of context hierarchy
2019-10-17 15:46:32.124  INFO 140 --- [    Test worker] o.s.b.f.s.DefaultListableBeanFactory     : Overriding bean definition for bean 'library' with a different definition: replacing [Generic bean: class [com.kodilla.spring.library.Library]; scope=singleton; abstract=false; lazyInit=false; autowireMode=0; dependencyCheck=0; autowireCandidate=true; primary=false; factoryBeanName=null; factoryMethodName=null; initMethodName=null; destroyMethodName=null; defined in file [D:\_P_WKurcab\P_rogramowanie\_Kodilla\kodilla-course\kodilla-spring\build\classes\java\main\com\kodilla\spring\library\Library.class]] with [Root bean: class [null]; scope=; abstract=false; lazyInit=false; autowireMode=3; dependencyCheck=0; autowireCandidate=true; primary=false; factoryBeanName=libraryConfig; factoryMethodName=library; initMethodName=null; destroyMethodName=(inferred); defined in com.kodilla.spring.library.LibraryConfig]
2019-10-17 15:46:32.124  INFO 140 --- [    Test worker] o.s.b.f.s.DefaultListableBeanFactory     : Overriding bean definition for bean 'libraryDbController' with a different definition: replacing [Generic bean: class [com.kodilla.spring.library.LibraryDbController]; scope=singleton; abstract=false; lazyInit=false; autowireMode=0; dependencyCheck=0; autowireCandidate=true; primary=false; factoryBeanName=null; factoryMethodName=null; initMethodName=null; destroyMethodName=null; defined in file [D:\_P_WKurcab\P_rogramowanie\_Kodilla\kodilla-course\kodilla-spring\build\classes\java\main\com\kodilla\spring\library\LibraryDbController.class]] with [Root bean: class [null]; scope=; abstract=false; lazyInit=false; autowireMode=3; dependencyCheck=0; autowireCandidate=true; primary=false; factoryBeanName=libraryConfig; factoryMethodName=libraryDbController; initMethodName=null; destroyMethodName=(inferred); defined in com.kodilla.spring.library.LibraryConfig]
2019-10-17 15:46:32.124  INFO 140 --- [    Test worker] o.s.b.f.s.DefaultListableBeanFactory     : Overriding bean definition for bean 'board' with a different definition: replacing [Generic bean: class [com.kodilla.spring.portfolio.Board]; scope=singleton; abstract=false; lazyInit=false; autowireMode=0; dependencyCheck=0; autowireCandidate=true; primary=false; factoryBeanName=null; factoryMethodName=null; initMethodName=null; destroyMethodName=null; defined in file [D:\_P_WKurcab\P_rogramowanie\_Kodilla\kodilla-course\kodilla-spring\build\classes\java\main\com\kodilla\spring\portfolio\Board.class]] with [Root bean: class [null]; scope=; abstract=false; lazyInit=false; autowireMode=3; dependencyCheck=0; autowireCandidate=true; primary=false; factoryBeanName=boardConfig; factoryMethodName=board; initMethodName=null; destroyMethodName=(inferred); defined in com.kodilla.spring.portfolio.BoardConfig]
2019-10-17 15:46:32.232  INFO 140 --- [    Test worker] o.s.j.e.a.AnnotationMBeanExporter        : Registering beans for JMX exposure on startup
Loading data from the database
2019-10-17 15:46:32.256  INFO 140 --- [    Test worker] s.c.a.AnnotationConfigApplicationContext : Refreshing org.springframework.context.annotation.AnnotationConfigApplicationContext@56278903: startup date [Thu Oct 17 15:46:32 CEST 2019]; root of context hierarchy
2019-10-17 15:46:32.320  INFO 140 --- [    Test worker] o.s.b.f.s.DefaultListableBeanFactory     : Overriding bean definition for bean 'library' with a different definition: replacing [Generic bean: class [com.kodilla.spring.library.Library]; scope=singleton; abstract=false; lazyInit=false; autowireMode=0; dependencyCheck=0; autowireCandidate=true; primary=false; factoryBeanName=null; factoryMethodName=null; initMethodName=null; destroyMethodName=null; defined in file [D:\_P_WKurcab\P_rogramowanie\_Kodilla\kodilla-course\kodilla-spring\build\classes\java\main\com\kodilla\spring\library\Library.class]] with [Root bean: class [null]; scope=; abstract=false; lazyInit=false; autowireMode=3; dependencyCheck=0; autowireCandidate=true; primary=false; factoryBeanName=libraryConfig; factoryMethodName=library; initMethodName=null; destroyMethodName=(inferred); defined in com.kodilla.spring.library.LibraryConfig]
2019-10-17 15:46:32.321  INFO 140 --- [    Test worker] o.s.b.f.s.DefaultListableBeanFactory     : Overriding bean definition for bean 'libraryDbController' with a different definition: replacing [Generic bean: class [com.kodilla.spring.library.LibraryDbController]; scope=singleton; abstract=false; lazyInit=false; autowireMode=0; dependencyCheck=0; autowireCandidate=true; primary=false; factoryBeanName=null; factoryMethodName=null; initMethodName=null; destroyMethodName=null; defined in file [D:\_P_WKurcab\P_rogramowanie\_Kodilla\kodilla-course\kodilla-spring\build\classes\java\main\com\kodilla\spring\library\LibraryDbController.class]] with [Root bean: class [null]; scope=; abstract=false; lazyInit=false; autowireMode=3; dependencyCheck=0; autowireCandidate=true; primary=false; factoryBeanName=libraryConfig; factoryMethodName=libraryDbController; initMethodName=null; destroyMethodName=(inferred); defined in com.kodilla.spring.library.LibraryConfig]
2019-10-17 15:46:32.321  INFO 140 --- [    Test worker] o.s.b.f.s.DefaultListableBeanFactory     : Overriding bean definition for bean 'board' with a different definition: replacing [Generic bean: class [com.kodilla.spring.portfolio.Board]; scope=singleton; abstract=false; lazyInit=false; autowireMode=0; dependencyCheck=0; autowireCandidate=true; primary=false; factoryBeanName=null; factoryMethodName=null; initMethodName=null; destroyMethodName=null; defined in file [D:\_P_WKurcab\P_rogramowanie\_Kodilla\kodilla-course\kodilla-spring\build\classes\java\main\com\kodilla\spring\portfolio\Board.class]] with [Root bean: class [null]; scope=; abstract=false; lazyInit=false; autowireMode=3; dependencyCheck=0; autowireCandidate=true; primary=false; factoryBeanName=boardConfig; factoryMethodName=board; initMethodName=null; destroyMethodName=(inferred); defined in com.kodilla.spring.portfolio.BoardConfig]
2019-10-17 15:46:32.414  INFO 140 --- [    Test worker] o.s.j.e.a.AnnotationMBeanExporter        : Registering beans for JMX exposure on startup
===== Beans list: ==== >>
org.springframework.context.annotation.internalConfigurationAnnotationProcessor
org.springframework.context.annotation.internalAutowiredAnnotationProcessor
org.springframework.context.annotation.internalRequiredAnnotationProcessor
org.springframework.context.annotation.internalCommonAnnotationProcessor
org.springframework.context.event.internalEventListenerProcessor
org.springframework.context.event.internalEventListenerFactory
calculator
display
forumUser
library
libraryConfig
libraryDbController
board
boardConfig
readerConfig
circle
shapesFactory
triangle
springRunner
toDoList
inProgressList
doneList
getReader
book1
book2
createSquare
chosenShape
org.springframework.boot.autoconfigure.AutoConfigurationPackages
org.springframework.boot.autoconfigure.context.PropertyPlaceholderAutoConfiguration
org.springframework.boot.autoconfigure.condition.BeanTypeRegistry
propertySourcesPlaceholderConfigurer
org.springframework.boot.autoconfigure.jmx.JmxAutoConfiguration
mbeanExporter
objectNamingStrategy
mbeanServer
org.springframework.boot.autoconfigure.context.ConfigurationPropertiesAutoConfiguration
org.springframework.boot.context.properties.ConfigurationPropertiesBindingPostProcessor
org.springframework.boot.context.properties.ConfigurationBeanFactoryMetadata
org.springframework.boot.autoconfigure.info.ProjectInfoAutoConfiguration
spring.info-org.springframework.boot.autoconfigure.info.ProjectInfoProperties
org.springframework.boot.autoconfigure.security.reactive.ReactiveSecurityAutoConfiguration
spring.security-org.springframework.boot.autoconfigure.security.SecurityProperties
org.springframework.boot.autoconfigure.web.embedded.EmbeddedWebServerFactoryCustomizerAutoConfiguration
server-org.springframework.boot.autoconfigure.web.ServerProperties
<< ===== Beans list ====
]]></system-out>
  <system-err><![CDATA[]]></system-err>
</testsuite>
