<?xml version="1.0" encoding="UTF-8"?>
<testsuite name="com.kodilla.testing.collection.CollectionTestSuite" tests="2" skipped="0" failures="0" errors="0" timestamp="2019-06-09T10:08:59" hostname="DESKTOP-VT08279" time="0.003">
  <properties/>
  <testcase name="testOddNumbersExterminatorEmptyList" classname="com.kodilla.testing.collection.CollectionTestSuite" time="0.001"/>
  <testcase name="testOddNumbersExterminatorNormalList" classname="com.kodilla.testing.collection.CollectionTestSuite" time="0.001"/>
  <system-out><![CDATA[Test Case: begin
Test Case: end
Test Case: begin
Test Case: end
]]></system-out>
  <system-err><![CDATA[]]></system-err>
</testsuite>
