<?xml version="1.0" encoding="UTF-8"?>
<testsuite name="com.kodilla.testing.collection.CollectionTestSuite" tests="2" skipped="0" failures="0" errors="0" timestamp="2019-11-05T10:45:04" hostname="PL-08818-L2979" time="0.008">
  <properties/>
  <testcase name="testOddNumbersExterminatorEmptyList" classname="com.kodilla.testing.collection.CollectionTestSuite" time="0.007"/>
  <testcase name="testOddNumbersExterminatorNormalList" classname="com.kodilla.testing.collection.CollectionTestSuite" time="0.0"/>
  <system-out><![CDATA[Test Case: begin
Test Case: end
Test Case: begin
Test Case: end
]]></system-out>
  <system-err><![CDATA[]]></system-err>
</testsuite>
