<?xml version="1.0" encoding="UTF-8"?>
<testsuite name="com.kodilla.testing.collection.CollectionTestSuite" tests="2" skipped="0" failures="0" errors="0" timestamp="2019-07-12T20:03:34" hostname="DESKTOP-VT08279" time="0.012">
  <properties/>
  <testcase name="testOddNumbersExterminatorEmptyList" classname="com.kodilla.testing.collection.CollectionTestSuite" time="0.009"/>
  <testcase name="testOddNumbersExterminatorNormalList" classname="com.kodilla.testing.collection.CollectionTestSuite" time="0.002"/>
  <system-out><![CDATA[Test Case: begin
Test Case: end
Test Case: begin
Test Case: end
]]></system-out>
  <system-err><![CDATA[]]></system-err>
</testsuite>
