<?xml version="1.0" encoding="UTF-8"?>
<testsuite name="com.kodilla.testing.forum.ForumTestSuit" tests="2" skipped="0" failures="0" errors="0" timestamp="2019-04-22T09:59:32" hostname="LAPTOP-DHOCTKLE" time="0.003">
  <properties/>
  <testcase name="testCaseRealName" classname="com.kodilla.testing.forum.ForumTestSuit" time="0.002"/>
  <testcase name="testCaseUsername" classname="com.kodilla.testing.forum.ForumTestSuit" time="0.0"/>
  <system-out><![CDATA[Test Suite: begin
Test Case: begin
Testing John Smith
Test Case: end
Test Case: begin
Testing theForumUser
Test Case: end
Test Suite: end
]]></system-out>
  <system-err><![CDATA[]]></system-err>
</testsuite>
