<?xml version="1.0" encoding="UTF-8"?>
<testsuite name="com.kodilla.testing.forum.statistics.AdvStatisticsTestSuite" tests="1" skipped="0" failures="0" errors="0" timestamp="2019-04-22T09:59:32" hostname="LAPTOP-DHOCTKLE" time="0.149">
  <properties/>
  <testcase name="testAdvStatisticsWithMock" classname="com.kodilla.testing.forum.statistics.AdvStatisticsTestSuite" time="0.149"/>
  <system-out><![CDATA[]]></system-out>
  <system-err><![CDATA[]]></system-err>
</testsuite>
