<?xml version="1.0" encoding="UTF-8"?>
<testsuite name="com.kodilla.testing.weather.mock.WeatherForecastTestSuit" tests="1" skipped="0" failures="0" errors="0" timestamp="2019-04-22T09:59:32" hostname="LAPTOP-DHOCTKLE" time="0.02">
  <properties/>
  <testcase name="testCalculatedForecastWithMock" classname="com.kodilla.testing.weather.mock.WeatherForecastTestSuit" time="0.02"/>
  <system-out><![CDATA[]]></system-out>
  <system-err><![CDATA[]]></system-err>
</testsuite>
