<?xml version="1.0" encoding="UTF-8"?>
<testsuite name="com.kodilla.testing.forum.statistics.AdvStatisticsTestSuite" tests="6" skipped="0" failures="0" errors="0" timestamp="2019-10-17T13:47:07" hostname="PL-08818-L2979" time="0.193">
  <properties/>
  <testcase name="testAdvStatisticsWithMockCommentsMoreThanPosts" classname="com.kodilla.testing.forum.statistics.AdvStatisticsTestSuite" time="0.188"/>
  <testcase name="testAdvStatisticsWithMock100Users" classname="com.kodilla.testing.forum.statistics.AdvStatisticsTestSuite" time="0.001"/>
  <testcase name="testAdvStatisticsWithMock1000Posts" classname="com.kodilla.testing.forum.statistics.AdvStatisticsTestSuite" time="0.001"/>
  <testcase name="testAdvStatisticsWithMock0Posts" classname="com.kodilla.testing.forum.statistics.AdvStatisticsTestSuite" time="0.001"/>
  <testcase name="testAdvStatisticsWithMock0Users" classname="com.kodilla.testing.forum.statistics.AdvStatisticsTestSuite" time="0.001"/>
  <testcase name="testAdvStatisticsWithMockCommentsLessThanPosts" classname="com.kodilla.testing.forum.statistics.AdvStatisticsTestSuite" time="0.001"/>
  <system-out><![CDATA[]]></system-out>
  <system-err><![CDATA[]]></system-err>
</testsuite>
