<?xml version="1.0" encoding="UTF-8"?>
<testsuite name="com.kodilla.testing.forum.statistics.AdvStatisticsTestSuite" tests="6" skipped="0" failures="0" errors="0" timestamp="2019-06-09T10:08:59" hostname="DESKTOP-VT08279" time="0.233">
  <properties/>
  <testcase name="testAdvStatisticsWithMockCommentsMoreThanPosts" classname="com.kodilla.testing.forum.statistics.AdvStatisticsTestSuite" time="0.224"/>
  <testcase name="testAdvStatisticsWithMock100Users" classname="com.kodilla.testing.forum.statistics.AdvStatisticsTestSuite" time="0.001"/>
  <testcase name="testAdvStatisticsWithMock1000Posts" classname="com.kodilla.testing.forum.statistics.AdvStatisticsTestSuite" time="0.002"/>
  <testcase name="testAdvStatisticsWithMock0Posts" classname="com.kodilla.testing.forum.statistics.AdvStatisticsTestSuite" time="0.001"/>
  <testcase name="testAdvStatisticsWithMock0Users" classname="com.kodilla.testing.forum.statistics.AdvStatisticsTestSuite" time="0.002"/>
  <testcase name="testAdvStatisticsWithMockCommentsLessThanPosts" classname="com.kodilla.testing.forum.statistics.AdvStatisticsTestSuite" time="0.002"/>
  <system-out><![CDATA[]]></system-out>
  <system-err><![CDATA[]]></system-err>
</testsuite>
