<?xml version="1.0" encoding="UTF-8"?>
<testsuite name="com.kodilla.testing.forum.ForumTestSuit" tests="2" skipped="0" failures="0" errors="0" timestamp="2019-10-17T13:47:07" hostname="PL-08818-L2979" time="0.004">
  <properties/>
  <testcase name="testCaseRealName" classname="com.kodilla.testing.forum.ForumTestSuit" time="0.003"/>
  <testcase name="testCaseUsername" classname="com.kodilla.testing.forum.ForumTestSuit" time="0.0"/>
  <system-out><![CDATA[Test Suite: begin
Test Case: begin
Testing John Smith
Test Case: end
Test Case: begin
Testing theForumUser
Test Case: end
Test Suite: end
]]></system-out>
  <system-err><![CDATA[]]></system-err>
</testsuite>
