<?xml version="1.0" encoding="UTF-8"?>
<testsuite name="com.kodilla.hibernate.KodillaHibernateApplicationTests" tests="1" skipped="0" failures="0" errors="0" timestamp="2019-10-17T13:43:55" hostname="PL-08818-L2979" time="0.002">
  <properties/>
  <testcase name="contextLoads" classname="com.kodilla.hibernate.KodillaHibernateApplicationTests" time="0.002"/>
  <system-out><![CDATA[2019-10-17 15:43:55.487  INFO 19632 --- [    Test worker] .b.t.c.SpringBootTestContextBootstrapper : Neither @ContextConfiguration nor @ContextHierarchy found for test class [com.kodilla.hibernate.KodillaHibernateApplicationTests], using SpringBootContextLoader
2019-10-17 15:43:55.488  INFO 19632 --- [    Test worker] o.s.t.c.support.AbstractContextLoader    : Could not detect default resource locations for test class [com.kodilla.hibernate.KodillaHibernateApplicationTests]: no resource found for suffixes {-context.xml, Context.groovy}.
2019-10-17 15:43:55.488  INFO 19632 --- [    Test worker] t.c.s.AnnotationConfigContextLoaderUtils : Could not detect default configuration classes for test class [com.kodilla.hibernate.KodillaHibernateApplicationTests]: KodillaHibernateApplicationTests does not declare any static, non-private, non-final, nested classes annotated with @Configuration.
2019-10-17 15:43:55.501  INFO 19632 --- [    Test worker] .b.t.c.SpringBootTestContextBootstrapper : Found @SpringBootConfiguration com.kodilla.hibernate.KodillaHibernateApplication for test class com.kodilla.hibernate.KodillaHibernateApplicationTests
2019-10-17 15:43:55.503  INFO 19632 --- [    Test worker] .b.t.c.SpringBootTestContextBootstrapper : Loaded default TestExecutionListener class names from location [META-INF/spring.factories]: [org.springframework.boot.test.autoconfigure.restdocs.RestDocsTestExecutionListener, org.springframework.boot.test.autoconfigure.web.client.MockRestServiceServerResetTestExecutionListener, org.springframework.boot.test.autoconfigure.web.servlet.MockMvcPrintOnlyOnFailureTestExecutionListener, org.springframework.boot.test.autoconfigure.web.servlet.WebDriverTestExecutionListener, org.springframework.boot.test.mock.mockito.MockitoTestExecutionListener, org.springframework.boot.test.mock.mockito.ResetMocksTestExecutionListener, org.springframework.test.context.web.ServletTestExecutionListener, org.springframework.test.context.support.DirtiesContextBeforeModesTestExecutionListener, org.springframework.test.context.support.DependencyInjectionTestExecutionListener, org.springframework.test.context.support.DirtiesContextTestExecutionListener, org.springframework.test.context.transaction.TransactionalTestExecutionListener, org.springframework.test.context.jdbc.SqlScriptsTestExecutionListener]
2019-10-17 15:43:55.503  INFO 19632 --- [    Test worker] .b.t.c.SpringBootTestContextBootstrapper : Using TestExecutionListeners: [org.springframework.test.context.web.ServletTestExecutionListener@46f9f011, org.springframework.test.context.support.DirtiesContextBeforeModesTestExecutionListener@69003c28, org.springframework.boot.test.mock.mockito.MockitoTestExecutionListener@1222e100, org.springframework.boot.test.autoconfigure.SpringBootDependencyInjectionTestExecutionListener@648a6647, org.springframework.test.context.support.DirtiesContextTestExecutionListener@6dfa6bbf, org.springframework.test.context.transaction.TransactionalTestExecutionListener@5f3fb54, org.springframework.test.context.jdbc.SqlScriptsTestExecutionListener@dc200b, org.springframework.boot.test.autoconfigure.restdocs.RestDocsTestExecutionListener@3753d609, org.springframework.boot.test.autoconfigure.web.client.MockRestServiceServerResetTestExecutionListener@94af4cf, org.springframework.boot.test.autoconfigure.web.servlet.MockMvcPrintOnlyOnFailureTestExecutionListener@137987e9, org.springframework.boot.test.autoconfigure.web.servlet.WebDriverTestExecutionListener@72c421f5, org.springframework.boot.test.mock.mockito.ResetMocksTestExecutionListener@5b0e523a]
]]></system-out>
  <system-err><![CDATA[]]></system-err>
</testsuite>
