<?xml version="1.0" encoding="UTF-8"?>
<testsuite name="com.kodilla.hibernate.task.dao.TaskDaoTestSuite" tests="2" skipped="0" failures="0" errors="0" timestamp="2019-07-12T20:02:55" hostname="DESKTOP-VT08279" time="0.512">
  <properties/>
  <testcase name="testTaskDaoFindByDuration" classname="com.kodilla.hibernate.task.dao.TaskDaoTestSuite" time="0.474"/>
  <testcase name="testTaskDaoSave" classname="com.kodilla.hibernate.task.dao.TaskDaoTestSuite" time="0.036"/>
  <system-out><![CDATA[2019-07-12 22:02:55.484  INFO 13024 --- [    Test worker] .b.t.c.SpringBootTestContextBootstrapper : Neither @ContextConfiguration nor @ContextHierarchy found for test class [com.kodilla.hibernate.task.dao.TaskDaoTestSuite], using SpringBootContextLoader
2019-07-12 22:02:55.486  INFO 13024 --- [    Test worker] o.s.t.c.support.AbstractContextLoader    : Could not detect default resource locations for test class [com.kodilla.hibernate.task.dao.TaskDaoTestSuite]: no resource found for suffixes {-context.xml, Context.groovy}.
2019-07-12 22:02:55.486  INFO 13024 --- [    Test worker] t.c.s.AnnotationConfigContextLoaderUtils : Could not detect default configuration classes for test class [com.kodilla.hibernate.task.dao.TaskDaoTestSuite]: TaskDaoTestSuite does not declare any static, non-private, non-final, nested classes annotated with @Configuration.
2019-07-12 22:02:55.502  INFO 13024 --- [    Test worker] .b.t.c.SpringBootTestContextBootstrapper : Found @SpringBootConfiguration com.kodilla.hibernate.KodillaHibernateApplication for test class com.kodilla.hibernate.task.dao.TaskDaoTestSuite
2019-07-12 22:02:55.502  INFO 13024 --- [    Test worker] .b.t.c.SpringBootTestContextBootstrapper : Loaded default TestExecutionListener class names from location [META-INF/spring.factories]: [org.springframework.boot.test.autoconfigure.restdocs.RestDocsTestExecutionListener, org.springframework.boot.test.autoconfigure.web.client.MockRestServiceServerResetTestExecutionListener, org.springframework.boot.test.autoconfigure.web.servlet.MockMvcPrintOnlyOnFailureTestExecutionListener, org.springframework.boot.test.autoconfigure.web.servlet.WebDriverTestExecutionListener, org.springframework.boot.test.mock.mockito.MockitoTestExecutionListener, org.springframework.boot.test.mock.mockito.ResetMocksTestExecutionListener, org.springframework.test.context.web.ServletTestExecutionListener, org.springframework.test.context.support.DirtiesContextBeforeModesTestExecutionListener, org.springframework.test.context.support.DependencyInjectionTestExecutionListener, org.springframework.test.context.support.DirtiesContextTestExecutionListener, org.springframework.test.context.transaction.TransactionalTestExecutionListener, org.springframework.test.context.jdbc.SqlScriptsTestExecutionListener]
2019-07-12 22:02:55.502  INFO 13024 --- [    Test worker] .b.t.c.SpringBootTestContextBootstrapper : Using TestExecutionListeners: [org.springframework.test.context.web.ServletTestExecutionListener@7040b546, org.springframework.test.context.support.DirtiesContextBeforeModesTestExecutionListener@7efc5bb7, org.springframework.boot.test.mock.mockito.MockitoTestExecutionListener@1243f953, org.springframework.boot.test.autoconfigure.SpringBootDependencyInjectionTestExecutionListener@6d43613, org.springframework.test.context.support.DirtiesContextTestExecutionListener@734b490a, org.springframework.test.context.transaction.TransactionalTestExecutionListener@6ff69537, org.springframework.test.context.jdbc.SqlScriptsTestExecutionListener@62f270fb, org.springframework.boot.test.autoconfigure.restdocs.RestDocsTestExecutionListener@45b1a618, org.springframework.boot.test.autoconfigure.web.client.MockRestServiceServerResetTestExecutionListener@6c1ba4bd, org.springframework.boot.test.autoconfigure.web.servlet.MockMvcPrintOnlyOnFailureTestExecutionListener@379fdb24, org.springframework.boot.test.autoconfigure.web.servlet.WebDriverTestExecutionListener@469b1084, org.springframework.boot.test.mock.mockito.ResetMocksTestExecutionListener@e52ef29]
Hibernate: select next_val as id_val from hibernate_sequence for update
Hibernate: update hibernate_sequence set next_val= ? where next_val=?
Hibernate: insert into tasks (created, description, duration, id) values (?, ?, ?, ?)
2019-07-12 22:02:55.721  INFO 13024 --- [    Test worker] o.h.h.i.QueryTranslatorFactoryInitiator  : HHH000397: Using ASTQueryTranslatorFactory
Hibernate: select task0_.id as id1_7_, task0_.created as created2_7_, task0_.description as descript3_7_, task0_.duration as duration4_7_ from tasks task0_ where task0_.duration=?
Hibernate: select task0_.id as id1_7_0_, task0_.created as created2_7_0_, task0_.description as descript3_7_0_, task0_.duration as duration4_7_0_ from tasks task0_ where task0_.id=?
Hibernate: delete from tasks where id=?
Hibernate: select next_val as id_val from hibernate_sequence for update
Hibernate: update hibernate_sequence set next_val= ? where next_val=?
Hibernate: insert into tasks (created, description, duration, id) values (?, ?, ?, ?)
Hibernate: select task0_.id as id1_7_0_, task0_.created as created2_7_0_, task0_.description as descript3_7_0_, task0_.duration as duration4_7_0_ from tasks task0_ where task0_.id=?
Hibernate: select task0_.id as id1_7_0_, task0_.created as created2_7_0_, task0_.description as descript3_7_0_, task0_.duration as duration4_7_0_ from tasks task0_ where task0_.id=?
Hibernate: delete from tasks where id=?
]]></system-out>
  <system-err><![CDATA[]]></system-err>
</testsuite>
