<?xml version="1.0" encoding="UTF-8"?>
<testsuite name="com.kodilla.hibernate.manytomany.dao.CompanyDaoTestSuite" tests="1" skipped="0" failures="0" errors="0" timestamp="2019-07-12T20:02:54" hostname="DESKTOP-VT08279" time="0.532">
  <properties/>
  <testcase name="testSaveManyToMany" classname="com.kodilla.hibernate.manytomany.dao.CompanyDaoTestSuite" time="0.532"/>
  <system-out><![CDATA[2019-07-12 22:02:54.920  INFO 13024 --- [    Test worker] .b.t.c.SpringBootTestContextBootstrapper : Neither @ContextConfiguration nor @ContextHierarchy found for test class [com.kodilla.hibernate.manytomany.dao.CompanyDaoTestSuite], using SpringBootContextLoader
2019-07-12 22:02:54.922  INFO 13024 --- [    Test worker] o.s.t.c.support.AbstractContextLoader    : Could not detect default resource locations for test class [com.kodilla.hibernate.manytomany.dao.CompanyDaoTestSuite]: no resource found for suffixes {-context.xml, Context.groovy}.
2019-07-12 22:02:54.922  INFO 13024 --- [    Test worker] t.c.s.AnnotationConfigContextLoaderUtils : Could not detect default configuration classes for test class [com.kodilla.hibernate.manytomany.dao.CompanyDaoTestSuite]: CompanyDaoTestSuite does not declare any static, non-private, non-final, nested classes annotated with @Configuration.
2019-07-12 22:02:54.938  INFO 13024 --- [    Test worker] .b.t.c.SpringBootTestContextBootstrapper : Found @SpringBootConfiguration com.kodilla.hibernate.KodillaHibernateApplication for test class com.kodilla.hibernate.manytomany.dao.CompanyDaoTestSuite
2019-07-12 22:02:54.942  INFO 13024 --- [    Test worker] .b.t.c.SpringBootTestContextBootstrapper : Loaded default TestExecutionListener class names from location [META-INF/spring.factories]: [org.springframework.boot.test.autoconfigure.restdocs.RestDocsTestExecutionListener, org.springframework.boot.test.autoconfigure.web.client.MockRestServiceServerResetTestExecutionListener, org.springframework.boot.test.autoconfigure.web.servlet.MockMvcPrintOnlyOnFailureTestExecutionListener, org.springframework.boot.test.autoconfigure.web.servlet.WebDriverTestExecutionListener, org.springframework.boot.test.mock.mockito.MockitoTestExecutionListener, org.springframework.boot.test.mock.mockito.ResetMocksTestExecutionListener, org.springframework.test.context.web.ServletTestExecutionListener, org.springframework.test.context.support.DirtiesContextBeforeModesTestExecutionListener, org.springframework.test.context.support.DependencyInjectionTestExecutionListener, org.springframework.test.context.support.DirtiesContextTestExecutionListener, org.springframework.test.context.transaction.TransactionalTestExecutionListener, org.springframework.test.context.jdbc.SqlScriptsTestExecutionListener]
2019-07-12 22:02:54.942  INFO 13024 --- [    Test worker] .b.t.c.SpringBootTestContextBootstrapper : Using TestExecutionListeners: [org.springframework.test.context.web.ServletTestExecutionListener@6c93e841, org.springframework.test.context.support.DirtiesContextBeforeModesTestExecutionListener@2bd0b2d8, org.springframework.boot.test.mock.mockito.MockitoTestExecutionListener@2ad973eb, org.springframework.boot.test.autoconfigure.SpringBootDependencyInjectionTestExecutionListener@a7cb8f1, org.springframework.test.context.support.DirtiesContextTestExecutionListener@795e981f, org.springframework.test.context.transaction.TransactionalTestExecutionListener@5736a39e, org.springframework.test.context.jdbc.SqlScriptsTestExecutionListener@3611c4b8, org.springframework.boot.test.autoconfigure.restdocs.RestDocsTestExecutionListener@59c549bb, org.springframework.boot.test.autoconfigure.web.client.MockRestServiceServerResetTestExecutionListener@54d6bcfc, org.springframework.boot.test.autoconfigure.web.servlet.MockMvcPrintOnlyOnFailureTestExecutionListener@361edfab, org.springframework.boot.test.autoconfigure.web.servlet.WebDriverTestExecutionListener@e92e9d4, org.springframework.boot.test.mock.mockito.ResetMocksTestExecutionListener@7d69e12c]
Hibernate: select next_val as id_val from hibernate_sequence for update
Hibernate: update hibernate_sequence set next_val= ? where next_val=?
Hibernate: select next_val as id_val from hibernate_sequence for update
Hibernate: update hibernate_sequence set next_val= ? where next_val=?
Hibernate: select next_val as id_val from hibernate_sequence for update
Hibernate: update hibernate_sequence set next_val= ? where next_val=?
Hibernate: select next_val as id_val from hibernate_sequence for update
Hibernate: update hibernate_sequence set next_val= ? where next_val=?
Hibernate: select next_val as id_val from hibernate_sequence for update
Hibernate: update hibernate_sequence set next_val= ? where next_val=?
Hibernate: select next_val as id_val from hibernate_sequence for update
Hibernate: update hibernate_sequence set next_val= ? where next_val=?
Hibernate: insert into companies (company_name, id) values (?, ?)
Hibernate: insert into employees (firstname, lastname, id) values (?, ?, ?)
Hibernate: insert into companies (company_name, id) values (?, ?)
Hibernate: insert into employees (firstname, lastname, id) values (?, ?, ?)
Hibernate: insert into companies (company_name, id) values (?, ?)
Hibernate: insert into employees (firstname, lastname, id) values (?, ?, ?)
Hibernate: insert into join_company_employee (employee_id, company_id) values (?, ?)
Hibernate: insert into join_company_employee (employee_id, company_id) values (?, ?)
Hibernate: insert into join_company_employee (employee_id, company_id) values (?, ?)
Hibernate: insert into join_company_employee (employee_id, company_id) values (?, ?)
Hibernate: insert into join_company_employee (employee_id, company_id) values (?, ?)
Hibernate: select company0_.id as id1_0_1_, company0_.company_name as company_2_0_1_, employees1_.company_id as company_2_4_3_, employee2_.id as employee1_4_3_, employee2_.id as id1_1_0_, employee2_.firstname as firstnam2_1_0_, employee2_.lastname as lastname3_1_0_ from companies company0_ left outer join join_company_employee employees1_ on company0_.id=employees1_.company_id left outer join employees employee2_ on employees1_.employee_id=employee2_.id where company0_.id=?
Hibernate: select companies0_.employee_id as employee1_4_0_, companies0_.company_id as company_2_4_0_, company1_.id as id1_0_1_, company1_.company_name as company_2_0_1_ from join_company_employee companies0_ inner join companies company1_ on companies0_.company_id=company1_.id where companies0_.employee_id=?
Hibernate: select company0_.id as id1_0_1_, company0_.company_name as company_2_0_1_, employees1_.company_id as company_2_4_3_, employee2_.id as employee1_4_3_, employee2_.id as id1_1_0_, employee2_.firstname as firstnam2_1_0_, employee2_.lastname as lastname3_1_0_ from companies company0_ left outer join join_company_employee employees1_ on company0_.id=employees1_.company_id left outer join employees employee2_ on employees1_.employee_id=employee2_.id where company0_.id=?
Hibernate: select company0_.id as id1_0_1_, company0_.company_name as company_2_0_1_, employees1_.company_id as company_2_4_3_, employee2_.id as employee1_4_3_, employee2_.id as id1_1_0_, employee2_.firstname as firstnam2_1_0_, employee2_.lastname as lastname3_1_0_ from companies company0_ left outer join join_company_employee employees1_ on company0_.id=employees1_.company_id left outer join employees employee2_ on employees1_.employee_id=employee2_.id where company0_.id=?
Hibernate: select companies0_.employee_id as employee1_4_0_, companies0_.company_id as company_2_4_0_, company1_.id as id1_0_1_, company1_.company_name as company_2_0_1_ from join_company_employee companies0_ inner join companies company1_ on companies0_.company_id=company1_.id where companies0_.employee_id=?
Hibernate: select companies0_.employee_id as employee1_4_0_, companies0_.company_id as company_2_4_0_, company1_.id as id1_0_1_, company1_.company_name as company_2_0_1_ from join_company_employee companies0_ inner join companies company1_ on companies0_.company_id=company1_.id where companies0_.employee_id=?
Hibernate: select company0_.id as id1_0_1_, company0_.company_name as company_2_0_1_, employees1_.company_id as company_2_4_3_, employee2_.id as employee1_4_3_, employee2_.id as id1_1_0_, employee2_.firstname as firstnam2_1_0_, employee2_.lastname as lastname3_1_0_ from companies company0_ left outer join join_company_employee employees1_ on company0_.id=employees1_.company_id left outer join employees employee2_ on employees1_.employee_id=employee2_.id where company0_.id=?
Hibernate: select company0_.id as id1_0_1_, company0_.company_name as company_2_0_1_, employees1_.company_id as company_2_4_3_, employee2_.id as employee1_4_3_, employee2_.id as id1_1_0_, employee2_.firstname as firstnam2_1_0_, employee2_.lastname as lastname3_1_0_ from companies company0_ left outer join join_company_employee employees1_ on company0_.id=employees1_.company_id left outer join employees employee2_ on employees1_.employee_id=employee2_.id where company0_.id=?
Hibernate: select companies0_.employee_id as employee1_4_0_, companies0_.company_id as company_2_4_0_, company1_.id as id1_0_1_, company1_.company_name as company_2_0_1_ from join_company_employee companies0_ inner join companies company1_ on companies0_.company_id=company1_.id where companies0_.employee_id=?
Hibernate: select company0_.id as id1_0_1_, company0_.company_name as company_2_0_1_, employees1_.company_id as company_2_4_3_, employee2_.id as employee1_4_3_, employee2_.id as id1_1_0_, employee2_.firstname as firstnam2_1_0_, employee2_.lastname as lastname3_1_0_ from companies company0_ left outer join join_company_employee employees1_ on company0_.id=employees1_.company_id left outer join employees employee2_ on employees1_.employee_id=employee2_.id where company0_.id=?
Hibernate: select companies0_.employee_id as employee1_4_0_, companies0_.company_id as company_2_4_0_, company1_.id as id1_0_1_, company1_.company_name as company_2_0_1_ from join_company_employee companies0_ inner join companies company1_ on companies0_.company_id=company1_.id where companies0_.employee_id=?
Hibernate: select companies0_.employee_id as employee1_4_0_, companies0_.company_id as company_2_4_0_, company1_.id as id1_0_1_, company1_.company_name as company_2_0_1_ from join_company_employee companies0_ inner join companies company1_ on companies0_.company_id=company1_.id where companies0_.employee_id=?
Hibernate: select company0_.id as id1_0_0_, company0_.company_name as company_2_0_0_ from companies company0_ where company0_.id=?
Hibernate: select employees0_.company_id as company_2_4_0_, employees0_.employee_id as employee1_4_0_, employee1_.id as id1_1_1_, employee1_.firstname as firstnam2_1_1_, employee1_.lastname as lastname3_1_1_ from join_company_employee employees0_ inner join employees employee1_ on employees0_.employee_id=employee1_.id where employees0_.company_id=?
Hibernate: select companies0_.employee_id as employee1_4_0_, companies0_.company_id as company_2_4_0_, company1_.id as id1_0_1_, company1_.company_name as company_2_0_1_ from join_company_employee companies0_ inner join companies company1_ on companies0_.company_id=company1_.id where companies0_.employee_id=?
Hibernate: select employees0_.company_id as company_2_4_0_, employees0_.employee_id as employee1_4_0_, employee1_.id as id1_1_1_, employee1_.firstname as firstnam2_1_1_, employee1_.lastname as lastname3_1_1_ from join_company_employee employees0_ inner join employees employee1_ on employees0_.employee_id=employee1_.id where employees0_.company_id=?
Hibernate: select companies0_.employee_id as employee1_4_0_, companies0_.company_id as company_2_4_0_, company1_.id as id1_0_1_, company1_.company_name as company_2_0_1_ from join_company_employee companies0_ inner join companies company1_ on companies0_.company_id=company1_.id where companies0_.employee_id=?
Hibernate: select employees0_.company_id as company_2_4_0_, employees0_.employee_id as employee1_4_0_, employee1_.id as id1_1_1_, employee1_.firstname as firstnam2_1_1_, employee1_.lastname as lastname3_1_1_ from join_company_employee employees0_ inner join employees employee1_ on employees0_.employee_id=employee1_.id where employees0_.company_id=?
Hibernate: select companies0_.employee_id as employee1_4_0_, companies0_.company_id as company_2_4_0_, company1_.id as id1_0_1_, company1_.company_name as company_2_0_1_ from join_company_employee companies0_ inner join companies company1_ on companies0_.company_id=company1_.id where companies0_.employee_id=?
Hibernate: delete from join_company_employee where employee_id=?
Hibernate: delete from join_company_employee where employee_id=?
Hibernate: delete from join_company_employee where employee_id=?
Hibernate: delete from employees where id=?
Hibernate: delete from companies where id=?
Hibernate: delete from employees where id=?
Hibernate: delete from companies where id=?
Hibernate: delete from employees where id=?
Hibernate: delete from companies where id=?
Hibernate: select company0_.id as id1_0_0_, company0_.company_name as company_2_0_0_ from companies company0_ where company0_.id=?
]]></system-out>
  <system-err><![CDATA[]]></system-err>
</testsuite>
