<?xml version="1.0" encoding="UTF-8"?>
<testsuite name="com.kodilla.hibernate.manytomany.dao.CompanyDaoTestSuite" tests="3" skipped="0" failures="0" errors="0" timestamp="2019-10-17T13:43:55" hostname="PL-08818-L2979" time="0.408">
  <properties/>
  <testcase name="testNamedQuerySearchingEmployee" classname="com.kodilla.hibernate.manytomany.dao.CompanyDaoTestSuite" time="0.173"/>
  <testcase name="testSaveManyToMany" classname="com.kodilla.hibernate.manytomany.dao.CompanyDaoTestSuite" time="0.119"/>
  <testcase name="testNamedNativeQuerySearchingCompanyWithGivenCharacter" classname="com.kodilla.hibernate.manytomany.dao.CompanyDaoTestSuite" time="0.114"/>
  <system-out><![CDATA[2019-10-17 15:43:55.509  INFO 19632 --- [    Test worker] .b.t.c.SpringBootTestContextBootstrapper : Neither @ContextConfiguration nor @ContextHierarchy found for test class [com.kodilla.hibernate.manytomany.dao.CompanyDaoTestSuite], using SpringBootContextLoader
2019-10-17 15:43:55.510  INFO 19632 --- [    Test worker] o.s.t.c.support.AbstractContextLoader    : Could not detect default resource locations for test class [com.kodilla.hibernate.manytomany.dao.CompanyDaoTestSuite]: no resource found for suffixes {-context.xml, Context.groovy}.
2019-10-17 15:43:55.511  INFO 19632 --- [    Test worker] t.c.s.AnnotationConfigContextLoaderUtils : Could not detect default configuration classes for test class [com.kodilla.hibernate.manytomany.dao.CompanyDaoTestSuite]: CompanyDaoTestSuite does not declare any static, non-private, non-final, nested classes annotated with @Configuration.
2019-10-17 15:43:55.521  INFO 19632 --- [    Test worker] .b.t.c.SpringBootTestContextBootstrapper : Found @SpringBootConfiguration com.kodilla.hibernate.KodillaHibernateApplication for test class com.kodilla.hibernate.manytomany.dao.CompanyDaoTestSuite
2019-10-17 15:43:55.524  INFO 19632 --- [    Test worker] .b.t.c.SpringBootTestContextBootstrapper : Loaded default TestExecutionListener class names from location [META-INF/spring.factories]: [org.springframework.boot.test.autoconfigure.restdocs.RestDocsTestExecutionListener, org.springframework.boot.test.autoconfigure.web.client.MockRestServiceServerResetTestExecutionListener, org.springframework.boot.test.autoconfigure.web.servlet.MockMvcPrintOnlyOnFailureTestExecutionListener, org.springframework.boot.test.autoconfigure.web.servlet.WebDriverTestExecutionListener, org.springframework.boot.test.mock.mockito.MockitoTestExecutionListener, org.springframework.boot.test.mock.mockito.ResetMocksTestExecutionListener, org.springframework.test.context.web.ServletTestExecutionListener, org.springframework.test.context.support.DirtiesContextBeforeModesTestExecutionListener, org.springframework.test.context.support.DependencyInjectionTestExecutionListener, org.springframework.test.context.support.DirtiesContextTestExecutionListener, org.springframework.test.context.transaction.TransactionalTestExecutionListener, org.springframework.test.context.jdbc.SqlScriptsTestExecutionListener]
2019-10-17 15:43:55.524  INFO 19632 --- [    Test worker] .b.t.c.SpringBootTestContextBootstrapper : Using TestExecutionListeners: [org.springframework.test.context.web.ServletTestExecutionListener@65c16b22, org.springframework.test.context.support.DirtiesContextBeforeModesTestExecutionListener@3336fbb8, org.springframework.boot.test.mock.mockito.MockitoTestExecutionListener@296d0d91, org.springframework.boot.test.autoconfigure.SpringBootDependencyInjectionTestExecutionListener@5d20b979, org.springframework.test.context.support.DirtiesContextTestExecutionListener@33d65184, org.springframework.test.context.transaction.TransactionalTestExecutionListener@37b9877d, org.springframework.test.context.jdbc.SqlScriptsTestExecutionListener@7679159e, org.springframework.boot.test.autoconfigure.restdocs.RestDocsTestExecutionListener@2eca8159, org.springframework.boot.test.autoconfigure.web.client.MockRestServiceServerResetTestExecutionListener@2f11af75, org.springframework.boot.test.autoconfigure.web.servlet.MockMvcPrintOnlyOnFailureTestExecutionListener@54e85785, org.springframework.boot.test.autoconfigure.web.servlet.WebDriverTestExecutionListener@6a837d63, org.springframework.boot.test.mock.mockito.ResetMocksTestExecutionListener@1039f923]
Hibernate: select next_val as id_val from hibernate_sequence for update
Hibernate: update hibernate_sequence set next_val= ? where next_val=?
Hibernate: select next_val as id_val from hibernate_sequence for update
Hibernate: update hibernate_sequence set next_val= ? where next_val=?
Hibernate: select next_val as id_val from hibernate_sequence for update
Hibernate: update hibernate_sequence set next_val= ? where next_val=?
Hibernate: select next_val as id_val from hibernate_sequence for update
Hibernate: update hibernate_sequence set next_val= ? where next_val=?
Hibernate: select next_val as id_val from hibernate_sequence for update
Hibernate: update hibernate_sequence set next_val= ? where next_val=?
Hibernate: select next_val as id_val from hibernate_sequence for update
Hibernate: update hibernate_sequence set next_val= ? where next_val=?
Hibernate: insert into companies (company_name, id) values (?, ?)
Hibernate: insert into employees (firstname, lastname, id) values (?, ?, ?)
Hibernate: insert into companies (company_name, id) values (?, ?)
Hibernate: insert into employees (firstname, lastname, id) values (?, ?, ?)
Hibernate: insert into companies (company_name, id) values (?, ?)
Hibernate: insert into employees (firstname, lastname, id) values (?, ?, ?)
Hibernate: insert into join_company_employee (employee_id, company_id) values (?, ?)
Hibernate: insert into join_company_employee (employee_id, company_id) values (?, ?)
Hibernate: insert into join_company_employee (employee_id, company_id) values (?, ?)
Hibernate: insert into join_company_employee (employee_id, company_id) values (?, ?)
Hibernate: insert into join_company_employee (employee_id, company_id) values (?, ?)
Hibernate: select company0_.id as id1_0_1_, company0_.company_name as company_2_0_1_, employees1_.company_id as company_2_4_3_, employee2_.id as employee1_4_3_, employee2_.id as id1_1_0_, employee2_.firstname as firstnam2_1_0_, employee2_.lastname as lastname3_1_0_ from companies company0_ left outer join join_company_employee employees1_ on company0_.id=employees1_.company_id left outer join employees employee2_ on employees1_.employee_id=employee2_.id where company0_.id=?
Hibernate: select companies0_.employee_id as employee1_4_0_, companies0_.company_id as company_2_4_0_, company1_.id as id1_0_1_, company1_.company_name as company_2_0_1_ from join_company_employee companies0_ inner join companies company1_ on companies0_.company_id=company1_.id where companies0_.employee_id=?
Hibernate: select company0_.id as id1_0_1_, company0_.company_name as company_2_0_1_, employees1_.company_id as company_2_4_3_, employee2_.id as employee1_4_3_, employee2_.id as id1_1_0_, employee2_.firstname as firstnam2_1_0_, employee2_.lastname as lastname3_1_0_ from companies company0_ left outer join join_company_employee employees1_ on company0_.id=employees1_.company_id left outer join employees employee2_ on employees1_.employee_id=employee2_.id where company0_.id=?
Hibernate: select company0_.id as id1_0_1_, company0_.company_name as company_2_0_1_, employees1_.company_id as company_2_4_3_, employee2_.id as employee1_4_3_, employee2_.id as id1_1_0_, employee2_.firstname as firstnam2_1_0_, employee2_.lastname as lastname3_1_0_ from companies company0_ left outer join join_company_employee employees1_ on company0_.id=employees1_.company_id left outer join employees employee2_ on employees1_.employee_id=employee2_.id where company0_.id=?
Hibernate: select companies0_.employee_id as employee1_4_0_, companies0_.company_id as company_2_4_0_, company1_.id as id1_0_1_, company1_.company_name as company_2_0_1_ from join_company_employee companies0_ inner join companies company1_ on companies0_.company_id=company1_.id where companies0_.employee_id=?
Hibernate: select companies0_.employee_id as employee1_4_0_, companies0_.company_id as company_2_4_0_, company1_.id as id1_0_1_, company1_.company_name as company_2_0_1_ from join_company_employee companies0_ inner join companies company1_ on companies0_.company_id=company1_.id where companies0_.employee_id=?
Hibernate: select company0_.id as id1_0_1_, company0_.company_name as company_2_0_1_, employees1_.company_id as company_2_4_3_, employee2_.id as employee1_4_3_, employee2_.id as id1_1_0_, employee2_.firstname as firstnam2_1_0_, employee2_.lastname as lastname3_1_0_ from companies company0_ left outer join join_company_employee employees1_ on company0_.id=employees1_.company_id left outer join employees employee2_ on employees1_.employee_id=employee2_.id where company0_.id=?
Hibernate: select company0_.id as id1_0_1_, company0_.company_name as company_2_0_1_, employees1_.company_id as company_2_4_3_, employee2_.id as employee1_4_3_, employee2_.id as id1_1_0_, employee2_.firstname as firstnam2_1_0_, employee2_.lastname as lastname3_1_0_ from companies company0_ left outer join join_company_employee employees1_ on company0_.id=employees1_.company_id left outer join employees employee2_ on employees1_.employee_id=employee2_.id where company0_.id=?
Hibernate: select companies0_.employee_id as employee1_4_0_, companies0_.company_id as company_2_4_0_, company1_.id as id1_0_1_, company1_.company_name as company_2_0_1_ from join_company_employee companies0_ inner join companies company1_ on companies0_.company_id=company1_.id where companies0_.employee_id=?
Hibernate: select company0_.id as id1_0_1_, company0_.company_name as company_2_0_1_, employees1_.company_id as company_2_4_3_, employee2_.id as employee1_4_3_, employee2_.id as id1_1_0_, employee2_.firstname as firstnam2_1_0_, employee2_.lastname as lastname3_1_0_ from companies company0_ left outer join join_company_employee employees1_ on company0_.id=employees1_.company_id left outer join employees employee2_ on employees1_.employee_id=employee2_.id where company0_.id=?
Hibernate: select companies0_.employee_id as employee1_4_0_, companies0_.company_id as company_2_4_0_, company1_.id as id1_0_1_, company1_.company_name as company_2_0_1_ from join_company_employee companies0_ inner join companies company1_ on companies0_.company_id=company1_.id where companies0_.employee_id=?
Hibernate: select companies0_.employee_id as employee1_4_0_, companies0_.company_id as company_2_4_0_, company1_.id as id1_0_1_, company1_.company_name as company_2_0_1_ from join_company_employee companies0_ inner join companies company1_ on companies0_.company_id=company1_.id where companies0_.employee_id=?
Hibernate: select employee0_.id as id1_1_, employee0_.firstname as firstnam2_1_, employee0_.lastname as lastname3_1_ from employees employee0_ where employee0_.lastname like ?
Hibernate: select company0_.id as id1_0_0_, company0_.company_name as company_2_0_0_ from companies company0_ where company0_.id=?
Hibernate: select employees0_.company_id as company_2_4_0_, employees0_.employee_id as employee1_4_0_, employee1_.id as id1_1_1_, employee1_.firstname as firstnam2_1_1_, employee1_.lastname as lastname3_1_1_ from join_company_employee employees0_ inner join employees employee1_ on employees0_.employee_id=employee1_.id where employees0_.company_id=?
Hibernate: select companies0_.employee_id as employee1_4_0_, companies0_.company_id as company_2_4_0_, company1_.id as id1_0_1_, company1_.company_name as company_2_0_1_ from join_company_employee companies0_ inner join companies company1_ on companies0_.company_id=company1_.id where companies0_.employee_id=?
Hibernate: select employees0_.company_id as company_2_4_0_, employees0_.employee_id as employee1_4_0_, employee1_.id as id1_1_1_, employee1_.firstname as firstnam2_1_1_, employee1_.lastname as lastname3_1_1_ from join_company_employee employees0_ inner join employees employee1_ on employees0_.employee_id=employee1_.id where employees0_.company_id=?
Hibernate: select companies0_.employee_id as employee1_4_0_, companies0_.company_id as company_2_4_0_, company1_.id as id1_0_1_, company1_.company_name as company_2_0_1_ from join_company_employee companies0_ inner join companies company1_ on companies0_.company_id=company1_.id where companies0_.employee_id=?
Hibernate: select employees0_.company_id as company_2_4_0_, employees0_.employee_id as employee1_4_0_, employee1_.id as id1_1_1_, employee1_.firstname as firstnam2_1_1_, employee1_.lastname as lastname3_1_1_ from join_company_employee employees0_ inner join employees employee1_ on employees0_.employee_id=employee1_.id where employees0_.company_id=?
Hibernate: select companies0_.employee_id as employee1_4_0_, companies0_.company_id as company_2_4_0_, company1_.id as id1_0_1_, company1_.company_name as company_2_0_1_ from join_company_employee companies0_ inner join companies company1_ on companies0_.company_id=company1_.id where companies0_.employee_id=?
Hibernate: delete from join_company_employee where employee_id=?
Hibernate: delete from join_company_employee where employee_id=?
Hibernate: delete from join_company_employee where employee_id=?
Hibernate: delete from employees where id=?
Hibernate: delete from companies where id=?
Hibernate: delete from employees where id=?
Hibernate: delete from companies where id=?
Hibernate: delete from employees where id=?
Hibernate: delete from companies where id=?
Hibernate: select company0_.id as id1_0_0_, company0_.company_name as company_2_0_0_ from companies company0_ where company0_.id=?
Hibernate: select next_val as id_val from hibernate_sequence for update
Hibernate: update hibernate_sequence set next_val= ? where next_val=?
Hibernate: select next_val as id_val from hibernate_sequence for update
Hibernate: update hibernate_sequence set next_val= ? where next_val=?
Hibernate: select next_val as id_val from hibernate_sequence for update
Hibernate: update hibernate_sequence set next_val= ? where next_val=?
Hibernate: select next_val as id_val from hibernate_sequence for update
Hibernate: update hibernate_sequence set next_val= ? where next_val=?
Hibernate: select next_val as id_val from hibernate_sequence for update
Hibernate: update hibernate_sequence set next_val= ? where next_val=?
Hibernate: select next_val as id_val from hibernate_sequence for update
Hibernate: update hibernate_sequence set next_val= ? where next_val=?
Hibernate: insert into companies (company_name, id) values (?, ?)
Hibernate: insert into employees (firstname, lastname, id) values (?, ?, ?)
Hibernate: insert into companies (company_name, id) values (?, ?)
Hibernate: insert into employees (firstname, lastname, id) values (?, ?, ?)
Hibernate: insert into companies (company_name, id) values (?, ?)
Hibernate: insert into employees (firstname, lastname, id) values (?, ?, ?)
Hibernate: insert into join_company_employee (employee_id, company_id) values (?, ?)
Hibernate: insert into join_company_employee (employee_id, company_id) values (?, ?)
Hibernate: insert into join_company_employee (employee_id, company_id) values (?, ?)
Hibernate: insert into join_company_employee (employee_id, company_id) values (?, ?)
Hibernate: insert into join_company_employee (employee_id, company_id) values (?, ?)
Hibernate: select company0_.id as id1_0_1_, company0_.company_name as company_2_0_1_, employees1_.company_id as company_2_4_3_, employee2_.id as employee1_4_3_, employee2_.id as id1_1_0_, employee2_.firstname as firstnam2_1_0_, employee2_.lastname as lastname3_1_0_ from companies company0_ left outer join join_company_employee employees1_ on company0_.id=employees1_.company_id left outer join employees employee2_ on employees1_.employee_id=employee2_.id where company0_.id=?
Hibernate: select companies0_.employee_id as employee1_4_0_, companies0_.company_id as company_2_4_0_, company1_.id as id1_0_1_, company1_.company_name as company_2_0_1_ from join_company_employee companies0_ inner join companies company1_ on companies0_.company_id=company1_.id where companies0_.employee_id=?
Hibernate: select company0_.id as id1_0_1_, company0_.company_name as company_2_0_1_, employees1_.company_id as company_2_4_3_, employee2_.id as employee1_4_3_, employee2_.id as id1_1_0_, employee2_.firstname as firstnam2_1_0_, employee2_.lastname as lastname3_1_0_ from companies company0_ left outer join join_company_employee employees1_ on company0_.id=employees1_.company_id left outer join employees employee2_ on employees1_.employee_id=employee2_.id where company0_.id=?
Hibernate: select company0_.id as id1_0_1_, company0_.company_name as company_2_0_1_, employees1_.company_id as company_2_4_3_, employee2_.id as employee1_4_3_, employee2_.id as id1_1_0_, employee2_.firstname as firstnam2_1_0_, employee2_.lastname as lastname3_1_0_ from companies company0_ left outer join join_company_employee employees1_ on company0_.id=employees1_.company_id left outer join employees employee2_ on employees1_.employee_id=employee2_.id where company0_.id=?
Hibernate: select companies0_.employee_id as employee1_4_0_, companies0_.company_id as company_2_4_0_, company1_.id as id1_0_1_, company1_.company_name as company_2_0_1_ from join_company_employee companies0_ inner join companies company1_ on companies0_.company_id=company1_.id where companies0_.employee_id=?
Hibernate: select companies0_.employee_id as employee1_4_0_, companies0_.company_id as company_2_4_0_, company1_.id as id1_0_1_, company1_.company_name as company_2_0_1_ from join_company_employee companies0_ inner join companies company1_ on companies0_.company_id=company1_.id where companies0_.employee_id=?
Hibernate: select company0_.id as id1_0_1_, company0_.company_name as company_2_0_1_, employees1_.company_id as company_2_4_3_, employee2_.id as employee1_4_3_, employee2_.id as id1_1_0_, employee2_.firstname as firstnam2_1_0_, employee2_.lastname as lastname3_1_0_ from companies company0_ left outer join join_company_employee employees1_ on company0_.id=employees1_.company_id left outer join employees employee2_ on employees1_.employee_id=employee2_.id where company0_.id=?
Hibernate: select company0_.id as id1_0_1_, company0_.company_name as company_2_0_1_, employees1_.company_id as company_2_4_3_, employee2_.id as employee1_4_3_, employee2_.id as id1_1_0_, employee2_.firstname as firstnam2_1_0_, employee2_.lastname as lastname3_1_0_ from companies company0_ left outer join join_company_employee employees1_ on company0_.id=employees1_.company_id left outer join employees employee2_ on employees1_.employee_id=employee2_.id where company0_.id=?
Hibernate: select companies0_.employee_id as employee1_4_0_, companies0_.company_id as company_2_4_0_, company1_.id as id1_0_1_, company1_.company_name as company_2_0_1_ from join_company_employee companies0_ inner join companies company1_ on companies0_.company_id=company1_.id where companies0_.employee_id=?
Hibernate: select company0_.id as id1_0_1_, company0_.company_name as company_2_0_1_, employees1_.company_id as company_2_4_3_, employee2_.id as employee1_4_3_, employee2_.id as id1_1_0_, employee2_.firstname as firstnam2_1_0_, employee2_.lastname as lastname3_1_0_ from companies company0_ left outer join join_company_employee employees1_ on company0_.id=employees1_.company_id left outer join employees employee2_ on employees1_.employee_id=employee2_.id where company0_.id=?
Hibernate: select companies0_.employee_id as employee1_4_0_, companies0_.company_id as company_2_4_0_, company1_.id as id1_0_1_, company1_.company_name as company_2_0_1_ from join_company_employee companies0_ inner join companies company1_ on companies0_.company_id=company1_.id where companies0_.employee_id=?
Hibernate: select companies0_.employee_id as employee1_4_0_, companies0_.company_id as company_2_4_0_, company1_.id as id1_0_1_, company1_.company_name as company_2_0_1_ from join_company_employee companies0_ inner join companies company1_ on companies0_.company_id=company1_.id where companies0_.employee_id=?
Hibernate: select company0_.id as id1_0_0_, company0_.company_name as company_2_0_0_ from companies company0_ where company0_.id=?
Hibernate: select employees0_.company_id as company_2_4_0_, employees0_.employee_id as employee1_4_0_, employee1_.id as id1_1_1_, employee1_.firstname as firstnam2_1_1_, employee1_.lastname as lastname3_1_1_ from join_company_employee employees0_ inner join employees employee1_ on employees0_.employee_id=employee1_.id where employees0_.company_id=?
Hibernate: select companies0_.employee_id as employee1_4_0_, companies0_.company_id as company_2_4_0_, company1_.id as id1_0_1_, company1_.company_name as company_2_0_1_ from join_company_employee companies0_ inner join companies company1_ on companies0_.company_id=company1_.id where companies0_.employee_id=?
Hibernate: select employees0_.company_id as company_2_4_0_, employees0_.employee_id as employee1_4_0_, employee1_.id as id1_1_1_, employee1_.firstname as firstnam2_1_1_, employee1_.lastname as lastname3_1_1_ from join_company_employee employees0_ inner join employees employee1_ on employees0_.employee_id=employee1_.id where employees0_.company_id=?
Hibernate: select companies0_.employee_id as employee1_4_0_, companies0_.company_id as company_2_4_0_, company1_.id as id1_0_1_, company1_.company_name as company_2_0_1_ from join_company_employee companies0_ inner join companies company1_ on companies0_.company_id=company1_.id where companies0_.employee_id=?
Hibernate: select employees0_.company_id as company_2_4_0_, employees0_.employee_id as employee1_4_0_, employee1_.id as id1_1_1_, employee1_.firstname as firstnam2_1_1_, employee1_.lastname as lastname3_1_1_ from join_company_employee employees0_ inner join employees employee1_ on employees0_.employee_id=employee1_.id where employees0_.company_id=?
Hibernate: select companies0_.employee_id as employee1_4_0_, companies0_.company_id as company_2_4_0_, company1_.id as id1_0_1_, company1_.company_name as company_2_0_1_ from join_company_employee companies0_ inner join companies company1_ on companies0_.company_id=company1_.id where companies0_.employee_id=?
Hibernate: delete from join_company_employee where employee_id=?
Hibernate: delete from join_company_employee where employee_id=?
Hibernate: delete from join_company_employee where employee_id=?
Hibernate: delete from employees where id=?
Hibernate: delete from companies where id=?
Hibernate: delete from employees where id=?
Hibernate: delete from companies where id=?
Hibernate: delete from employees where id=?
Hibernate: delete from companies where id=?
Hibernate: select company0_.id as id1_0_0_, company0_.company_name as company_2_0_0_ from companies company0_ where company0_.id=?
Hibernate: select next_val as id_val from hibernate_sequence for update
Hibernate: update hibernate_sequence set next_val= ? where next_val=?
Hibernate: select next_val as id_val from hibernate_sequence for update
Hibernate: update hibernate_sequence set next_val= ? where next_val=?
Hibernate: select next_val as id_val from hibernate_sequence for update
Hibernate: update hibernate_sequence set next_val= ? where next_val=?
Hibernate: select next_val as id_val from hibernate_sequence for update
Hibernate: update hibernate_sequence set next_val= ? where next_val=?
Hibernate: select next_val as id_val from hibernate_sequence for update
Hibernate: update hibernate_sequence set next_val= ? where next_val=?
Hibernate: select next_val as id_val from hibernate_sequence for update
Hibernate: update hibernate_sequence set next_val= ? where next_val=?
Hibernate: insert into companies (company_name, id) values (?, ?)
Hibernate: insert into employees (firstname, lastname, id) values (?, ?, ?)
Hibernate: insert into companies (company_name, id) values (?, ?)
Hibernate: insert into employees (firstname, lastname, id) values (?, ?, ?)
Hibernate: insert into companies (company_name, id) values (?, ?)
Hibernate: insert into employees (firstname, lastname, id) values (?, ?, ?)
Hibernate: insert into join_company_employee (employee_id, company_id) values (?, ?)
Hibernate: insert into join_company_employee (employee_id, company_id) values (?, ?)
Hibernate: insert into join_company_employee (employee_id, company_id) values (?, ?)
Hibernate: insert into join_company_employee (employee_id, company_id) values (?, ?)
Hibernate: insert into join_company_employee (employee_id, company_id) values (?, ?)
Hibernate: select company0_.id as id1_0_1_, company0_.company_name as company_2_0_1_, employees1_.company_id as company_2_4_3_, employee2_.id as employee1_4_3_, employee2_.id as id1_1_0_, employee2_.firstname as firstnam2_1_0_, employee2_.lastname as lastname3_1_0_ from companies company0_ left outer join join_company_employee employees1_ on company0_.id=employees1_.company_id left outer join employees employee2_ on employees1_.employee_id=employee2_.id where company0_.id=?
Hibernate: select companies0_.employee_id as employee1_4_0_, companies0_.company_id as company_2_4_0_, company1_.id as id1_0_1_, company1_.company_name as company_2_0_1_ from join_company_employee companies0_ inner join companies company1_ on companies0_.company_id=company1_.id where companies0_.employee_id=?
Hibernate: select company0_.id as id1_0_1_, company0_.company_name as company_2_0_1_, employees1_.company_id as company_2_4_3_, employee2_.id as employee1_4_3_, employee2_.id as id1_1_0_, employee2_.firstname as firstnam2_1_0_, employee2_.lastname as lastname3_1_0_ from companies company0_ left outer join join_company_employee employees1_ on company0_.id=employees1_.company_id left outer join employees employee2_ on employees1_.employee_id=employee2_.id where company0_.id=?
Hibernate: select company0_.id as id1_0_1_, company0_.company_name as company_2_0_1_, employees1_.company_id as company_2_4_3_, employee2_.id as employee1_4_3_, employee2_.id as id1_1_0_, employee2_.firstname as firstnam2_1_0_, employee2_.lastname as lastname3_1_0_ from companies company0_ left outer join join_company_employee employees1_ on company0_.id=employees1_.company_id left outer join employees employee2_ on employees1_.employee_id=employee2_.id where company0_.id=?
Hibernate: select companies0_.employee_id as employee1_4_0_, companies0_.company_id as company_2_4_0_, company1_.id as id1_0_1_, company1_.company_name as company_2_0_1_ from join_company_employee companies0_ inner join companies company1_ on companies0_.company_id=company1_.id where companies0_.employee_id=?
Hibernate: select companies0_.employee_id as employee1_4_0_, companies0_.company_id as company_2_4_0_, company1_.id as id1_0_1_, company1_.company_name as company_2_0_1_ from join_company_employee companies0_ inner join companies company1_ on companies0_.company_id=company1_.id where companies0_.employee_id=?
Hibernate: select company0_.id as id1_0_1_, company0_.company_name as company_2_0_1_, employees1_.company_id as company_2_4_3_, employee2_.id as employee1_4_3_, employee2_.id as id1_1_0_, employee2_.firstname as firstnam2_1_0_, employee2_.lastname as lastname3_1_0_ from companies company0_ left outer join join_company_employee employees1_ on company0_.id=employees1_.company_id left outer join employees employee2_ on employees1_.employee_id=employee2_.id where company0_.id=?
Hibernate: select company0_.id as id1_0_1_, company0_.company_name as company_2_0_1_, employees1_.company_id as company_2_4_3_, employee2_.id as employee1_4_3_, employee2_.id as id1_1_0_, employee2_.firstname as firstnam2_1_0_, employee2_.lastname as lastname3_1_0_ from companies company0_ left outer join join_company_employee employees1_ on company0_.id=employees1_.company_id left outer join employees employee2_ on employees1_.employee_id=employee2_.id where company0_.id=?
Hibernate: select companies0_.employee_id as employee1_4_0_, companies0_.company_id as company_2_4_0_, company1_.id as id1_0_1_, company1_.company_name as company_2_0_1_ from join_company_employee companies0_ inner join companies company1_ on companies0_.company_id=company1_.id where companies0_.employee_id=?
Hibernate: select company0_.id as id1_0_1_, company0_.company_name as company_2_0_1_, employees1_.company_id as company_2_4_3_, employee2_.id as employee1_4_3_, employee2_.id as id1_1_0_, employee2_.firstname as firstnam2_1_0_, employee2_.lastname as lastname3_1_0_ from companies company0_ left outer join join_company_employee employees1_ on company0_.id=employees1_.company_id left outer join employees employee2_ on employees1_.employee_id=employee2_.id where company0_.id=?
Hibernate: select companies0_.employee_id as employee1_4_0_, companies0_.company_id as company_2_4_0_, company1_.id as id1_0_1_, company1_.company_name as company_2_0_1_ from join_company_employee companies0_ inner join companies company1_ on companies0_.company_id=company1_.id where companies0_.employee_id=?
Hibernate: select companies0_.employee_id as employee1_4_0_, companies0_.company_id as company_2_4_0_, company1_.id as id1_0_1_, company1_.company_name as company_2_0_1_ from join_company_employee companies0_ inner join companies company1_ on companies0_.company_id=company1_.id where companies0_.employee_id=?
Hibernate: SELECT * FROM COMPANIES WHERE LEFT(COMPANY_NAME, 3) = ?
Hibernate: select company0_.id as id1_0_0_, company0_.company_name as company_2_0_0_ from companies company0_ where company0_.id=?
Hibernate: select employees0_.company_id as company_2_4_0_, employees0_.employee_id as employee1_4_0_, employee1_.id as id1_1_1_, employee1_.firstname as firstnam2_1_1_, employee1_.lastname as lastname3_1_1_ from join_company_employee employees0_ inner join employees employee1_ on employees0_.employee_id=employee1_.id where employees0_.company_id=?
Hibernate: select companies0_.employee_id as employee1_4_0_, companies0_.company_id as company_2_4_0_, company1_.id as id1_0_1_, company1_.company_name as company_2_0_1_ from join_company_employee companies0_ inner join companies company1_ on companies0_.company_id=company1_.id where companies0_.employee_id=?
Hibernate: select employees0_.company_id as company_2_4_0_, employees0_.employee_id as employee1_4_0_, employee1_.id as id1_1_1_, employee1_.firstname as firstnam2_1_1_, employee1_.lastname as lastname3_1_1_ from join_company_employee employees0_ inner join employees employee1_ on employees0_.employee_id=employee1_.id where employees0_.company_id=?
Hibernate: select companies0_.employee_id as employee1_4_0_, companies0_.company_id as company_2_4_0_, company1_.id as id1_0_1_, company1_.company_name as company_2_0_1_ from join_company_employee companies0_ inner join companies company1_ on companies0_.company_id=company1_.id where companies0_.employee_id=?
Hibernate: select employees0_.company_id as company_2_4_0_, employees0_.employee_id as employee1_4_0_, employee1_.id as id1_1_1_, employee1_.firstname as firstnam2_1_1_, employee1_.lastname as lastname3_1_1_ from join_company_employee employees0_ inner join employees employee1_ on employees0_.employee_id=employee1_.id where employees0_.company_id=?
Hibernate: select companies0_.employee_id as employee1_4_0_, companies0_.company_id as company_2_4_0_, company1_.id as id1_0_1_, company1_.company_name as company_2_0_1_ from join_company_employee companies0_ inner join companies company1_ on companies0_.company_id=company1_.id where companies0_.employee_id=?
Hibernate: delete from join_company_employee where employee_id=?
Hibernate: delete from join_company_employee where employee_id=?
Hibernate: delete from join_company_employee where employee_id=?
Hibernate: delete from employees where id=?
Hibernate: delete from companies where id=?
Hibernate: delete from employees where id=?
Hibernate: delete from companies where id=?
Hibernate: delete from employees where id=?
Hibernate: delete from companies where id=?
Hibernate: select company0_.id as id1_0_0_, company0_.company_name as company_2_0_0_ from companies company0_ where company0_.id=?
]]></system-out>
  <system-err><![CDATA[]]></system-err>
</testsuite>
