<?xml version="1.0" encoding="UTF-8"?>
<testsuite name="com.kodilla.hibernate.KodillaHibernateApplicationTests" tests="1" skipped="0" failures="0" errors="0" timestamp="2019-07-12T20:02:54" hostname="DESKTOP-VT08279" time="0.004">
  <properties/>
  <testcase name="contextLoads" classname="com.kodilla.hibernate.KodillaHibernateApplicationTests" time="0.004"/>
  <system-out><![CDATA[2019-07-12 22:02:54.882  INFO 13024 --- [    Test worker] .b.t.c.SpringBootTestContextBootstrapper : Neither @ContextConfiguration nor @ContextHierarchy found for test class [com.kodilla.hibernate.KodillaHibernateApplicationTests], using SpringBootContextLoader
2019-07-12 22:02:54.884  INFO 13024 --- [    Test worker] o.s.t.c.support.AbstractContextLoader    : Could not detect default resource locations for test class [com.kodilla.hibernate.KodillaHibernateApplicationTests]: no resource found for suffixes {-context.xml, Context.groovy}.
2019-07-12 22:02:54.884  INFO 13024 --- [    Test worker] t.c.s.AnnotationConfigContextLoaderUtils : Could not detect default configuration classes for test class [com.kodilla.hibernate.KodillaHibernateApplicationTests]: KodillaHibernateApplicationTests does not declare any static, non-private, non-final, nested classes annotated with @Configuration.
2019-07-12 22:02:54.894  INFO 13024 --- [    Test worker] .b.t.c.SpringBootTestContextBootstrapper : Found @SpringBootConfiguration com.kodilla.hibernate.KodillaHibernateApplication for test class com.kodilla.hibernate.KodillaHibernateApplicationTests
2019-07-12 22:02:54.896  INFO 13024 --- [    Test worker] .b.t.c.SpringBootTestContextBootstrapper : Loaded default TestExecutionListener class names from location [META-INF/spring.factories]: [org.springframework.boot.test.autoconfigure.restdocs.RestDocsTestExecutionListener, org.springframework.boot.test.autoconfigure.web.client.MockRestServiceServerResetTestExecutionListener, org.springframework.boot.test.autoconfigure.web.servlet.MockMvcPrintOnlyOnFailureTestExecutionListener, org.springframework.boot.test.autoconfigure.web.servlet.WebDriverTestExecutionListener, org.springframework.boot.test.mock.mockito.MockitoTestExecutionListener, org.springframework.boot.test.mock.mockito.ResetMocksTestExecutionListener, org.springframework.test.context.web.ServletTestExecutionListener, org.springframework.test.context.support.DirtiesContextBeforeModesTestExecutionListener, org.springframework.test.context.support.DependencyInjectionTestExecutionListener, org.springframework.test.context.support.DirtiesContextTestExecutionListener, org.springframework.test.context.transaction.TransactionalTestExecutionListener, org.springframework.test.context.jdbc.SqlScriptsTestExecutionListener]
2019-07-12 22:02:54.898  INFO 13024 --- [    Test worker] .b.t.c.SpringBootTestContextBootstrapper : Using TestExecutionListeners: [org.springframework.test.context.web.ServletTestExecutionListener@3813d8ed, org.springframework.test.context.support.DirtiesContextBeforeModesTestExecutionListener@57fd7075, org.springframework.boot.test.mock.mockito.MockitoTestExecutionListener@791e2e80, org.springframework.boot.test.autoconfigure.SpringBootDependencyInjectionTestExecutionListener@fe2ae89, org.springframework.test.context.support.DirtiesContextTestExecutionListener@2990db28, org.springframework.test.context.transaction.TransactionalTestExecutionListener@15d278b7, org.springframework.test.context.jdbc.SqlScriptsTestExecutionListener@1db03ea3, org.springframework.boot.test.autoconfigure.restdocs.RestDocsTestExecutionListener@7bc4d7a, org.springframework.boot.test.autoconfigure.web.client.MockRestServiceServerResetTestExecutionListener@285a8f3e, org.springframework.boot.test.autoconfigure.web.servlet.MockMvcPrintOnlyOnFailureTestExecutionListener@2ecb5d42, org.springframework.boot.test.autoconfigure.web.servlet.WebDriverTestExecutionListener@32122b1e, org.springframework.boot.test.mock.mockito.ResetMocksTestExecutionListener@57a067bb]
]]></system-out>
  <system-err><![CDATA[]]></system-err>
</testsuite>
