<?xml version="1.0" encoding="UTF-8"?>
<testsuite name="com.kodilla.hibernate.task.dao.TaskDaoTestSuite" tests="3" skipped="0" failures="0" errors="0" timestamp="2019-10-17T13:43:55" hostname="PL-08818-L2979" time="0.09">
  <properties/>
  <testcase name="testTaskDaoFindByDuration" classname="com.kodilla.hibernate.task.dao.TaskDaoTestSuite" time="0.041"/>
  <testcase name="testTaskDaoSave" classname="com.kodilla.hibernate.task.dao.TaskDaoTestSuite" time="0.021"/>
  <testcase name="testTaskDaoSaveWithFinancialDetails" classname="com.kodilla.hibernate.task.dao.TaskDaoTestSuite" time="0.026"/>
  <system-out><![CDATA[2019-10-17 15:43:55.941  INFO 19632 --- [    Test worker] .b.t.c.SpringBootTestContextBootstrapper : Neither @ContextConfiguration nor @ContextHierarchy found for test class [com.kodilla.hibernate.task.dao.TaskDaoTestSuite], using SpringBootContextLoader
2019-10-17 15:43:55.941  INFO 19632 --- [    Test worker] o.s.t.c.support.AbstractContextLoader    : Could not detect default resource locations for test class [com.kodilla.hibernate.task.dao.TaskDaoTestSuite]: no resource found for suffixes {-context.xml, Context.groovy}.
2019-10-17 15:43:55.941  INFO 19632 --- [    Test worker] t.c.s.AnnotationConfigContextLoaderUtils : Could not detect default configuration classes for test class [com.kodilla.hibernate.task.dao.TaskDaoTestSuite]: TaskDaoTestSuite does not declare any static, non-private, non-final, nested classes annotated with @Configuration.
2019-10-17 15:43:55.950  INFO 19632 --- [    Test worker] .b.t.c.SpringBootTestContextBootstrapper : Found @SpringBootConfiguration com.kodilla.hibernate.KodillaHibernateApplication for test class com.kodilla.hibernate.task.dao.TaskDaoTestSuite
2019-10-17 15:43:55.951  INFO 19632 --- [    Test worker] .b.t.c.SpringBootTestContextBootstrapper : Loaded default TestExecutionListener class names from location [META-INF/spring.factories]: [org.springframework.boot.test.autoconfigure.restdocs.RestDocsTestExecutionListener, org.springframework.boot.test.autoconfigure.web.client.MockRestServiceServerResetTestExecutionListener, org.springframework.boot.test.autoconfigure.web.servlet.MockMvcPrintOnlyOnFailureTestExecutionListener, org.springframework.boot.test.autoconfigure.web.servlet.WebDriverTestExecutionListener, org.springframework.boot.test.mock.mockito.MockitoTestExecutionListener, org.springframework.boot.test.mock.mockito.ResetMocksTestExecutionListener, org.springframework.test.context.web.ServletTestExecutionListener, org.springframework.test.context.support.DirtiesContextBeforeModesTestExecutionListener, org.springframework.test.context.support.DependencyInjectionTestExecutionListener, org.springframework.test.context.support.DirtiesContextTestExecutionListener, org.springframework.test.context.transaction.TransactionalTestExecutionListener, org.springframework.test.context.jdbc.SqlScriptsTestExecutionListener]
2019-10-17 15:43:55.952  INFO 19632 --- [    Test worker] .b.t.c.SpringBootTestContextBootstrapper : Using TestExecutionListeners: [org.springframework.test.context.web.ServletTestExecutionListener@3c6b995f, org.springframework.test.context.support.DirtiesContextBeforeModesTestExecutionListener@19825a43, org.springframework.boot.test.mock.mockito.MockitoTestExecutionListener@4b540327, org.springframework.boot.test.autoconfigure.SpringBootDependencyInjectionTestExecutionListener@60d1a2a5, org.springframework.test.context.support.DirtiesContextTestExecutionListener@906e81, org.springframework.test.context.transaction.TransactionalTestExecutionListener@bcb6c92, org.springframework.test.context.jdbc.SqlScriptsTestExecutionListener@60ed0bf7, org.springframework.boot.test.autoconfigure.restdocs.RestDocsTestExecutionListener@dc459c5, org.springframework.boot.test.autoconfigure.web.client.MockRestServiceServerResetTestExecutionListener@e23da9a, org.springframework.boot.test.autoconfigure.web.servlet.MockMvcPrintOnlyOnFailureTestExecutionListener@5e5c8830, org.springframework.boot.test.autoconfigure.web.servlet.WebDriverTestExecutionListener@566692bf, org.springframework.boot.test.mock.mockito.ResetMocksTestExecutionListener@7943e3c7]
Hibernate: select next_val as id_val from hibernate_sequence for update
Hibernate: update hibernate_sequence set next_val= ? where next_val=?
Hibernate: insert into tasks (created, description, duration, tasks_financials_id, tasklist_id, id) values (?, ?, ?, ?, ?, ?)
Hibernate: select task0_.id as id1_7_, task0_.created as created2_7_, task0_.description as descript3_7_, task0_.duration as duration4_7_, task0_.tasks_financials_id as tasks_fi5_7_, task0_.tasklist_id as tasklist6_7_ from tasks task0_ where task0_.duration=?
Hibernate: select task0_.id as id1_7_0_, task0_.created as created2_7_0_, task0_.description as descript3_7_0_, task0_.duration as duration4_7_0_, task0_.tasks_financials_id as tasks_fi5_7_0_, task0_.tasklist_id as tasklist6_7_0_, taskfinanc1_.id as id1_8_1_, taskfinanc1_.paid as paid2_8_1_, taskfinanc1_.price as price3_8_1_, tasklist2_.id as id1_6_2_, tasklist2_.description as descript2_6_2_, tasklist2_.listname as listname3_6_2_ from tasks task0_ left outer join tasks_financials taskfinanc1_ on task0_.tasks_financials_id=taskfinanc1_.id left outer join tasklists tasklist2_ on task0_.tasklist_id=tasklist2_.id where task0_.id=?
Hibernate: delete from tasks where id=?
Hibernate: select next_val as id_val from hibernate_sequence for update
Hibernate: update hibernate_sequence set next_val= ? where next_val=?
Hibernate: insert into tasks (created, description, duration, tasks_financials_id, tasklist_id, id) values (?, ?, ?, ?, ?, ?)
Hibernate: select task0_.id as id1_7_0_, task0_.created as created2_7_0_, task0_.description as descript3_7_0_, task0_.duration as duration4_7_0_, task0_.tasks_financials_id as tasks_fi5_7_0_, task0_.tasklist_id as tasklist6_7_0_, taskfinanc1_.id as id1_8_1_, taskfinanc1_.paid as paid2_8_1_, taskfinanc1_.price as price3_8_1_, tasklist2_.id as id1_6_2_, tasklist2_.description as descript2_6_2_, tasklist2_.listname as listname3_6_2_ from tasks task0_ left outer join tasks_financials taskfinanc1_ on task0_.tasks_financials_id=taskfinanc1_.id left outer join tasklists tasklist2_ on task0_.tasklist_id=tasklist2_.id where task0_.id=?
Hibernate: select task0_.id as id1_7_0_, task0_.created as created2_7_0_, task0_.description as descript3_7_0_, task0_.duration as duration4_7_0_, task0_.tasks_financials_id as tasks_fi5_7_0_, task0_.tasklist_id as tasklist6_7_0_, taskfinanc1_.id as id1_8_1_, taskfinanc1_.paid as paid2_8_1_, taskfinanc1_.price as price3_8_1_, tasklist2_.id as id1_6_2_, tasklist2_.description as descript2_6_2_, tasklist2_.listname as listname3_6_2_ from tasks task0_ left outer join tasks_financials taskfinanc1_ on task0_.tasks_financials_id=taskfinanc1_.id left outer join tasklists tasklist2_ on task0_.tasklist_id=tasklist2_.id where task0_.id=?
Hibernate: delete from tasks where id=?
Hibernate: select next_val as id_val from hibernate_sequence for update
Hibernate: update hibernate_sequence set next_val= ? where next_val=?
Hibernate: select next_val as id_val from hibernate_sequence for update
Hibernate: update hibernate_sequence set next_val= ? where next_val=?
Hibernate: insert into tasks_financials (paid, price, id) values (?, ?, ?)
Hibernate: insert into tasks (created, description, duration, tasks_financials_id, tasklist_id, id) values (?, ?, ?, ?, ?, ?)
Hibernate: select task0_.id as id1_7_0_, task0_.created as created2_7_0_, task0_.description as descript3_7_0_, task0_.duration as duration4_7_0_, task0_.tasks_financials_id as tasks_fi5_7_0_, task0_.tasklist_id as tasklist6_7_0_, taskfinanc1_.id as id1_8_1_, taskfinanc1_.paid as paid2_8_1_, taskfinanc1_.price as price3_8_1_, tasklist2_.id as id1_6_2_, tasklist2_.description as descript2_6_2_, tasklist2_.listname as listname3_6_2_ from tasks task0_ left outer join tasks_financials taskfinanc1_ on task0_.tasks_financials_id=taskfinanc1_.id left outer join tasklists tasklist2_ on task0_.tasklist_id=tasklist2_.id where task0_.id=?
Hibernate: delete from tasks where id=?
Hibernate: delete from tasks_financials where id=?
]]></system-out>
  <system-err><![CDATA[]]></system-err>
</testsuite>
