<?xml version="1.0" encoding="UTF-8"?>
<testsuite name="com.kodilla.hibernate.task.dao.TaskFinancialDetailsDaoTestSuite" tests="1" skipped="0" failures="0" errors="0" timestamp="2019-07-12T20:02:56" hostname="DESKTOP-VT08279" time="0.199">
  <properties/>
  <testcase name="testFindByPaid" classname="com.kodilla.hibernate.task.dao.TaskFinancialDetailsDaoTestSuite" time="0.199"/>
  <system-out><![CDATA[2019-07-12 22:02:56.018  INFO 13024 --- [    Test worker] .b.t.c.SpringBootTestContextBootstrapper : Neither @ContextConfiguration nor @ContextHierarchy found for test class [com.kodilla.hibernate.task.dao.TaskFinancialDetailsDaoTestSuite], using SpringBootContextLoader
2019-07-12 22:02:56.018  INFO 13024 --- [    Test worker] o.s.t.c.support.AbstractContextLoader    : Could not detect default resource locations for test class [com.kodilla.hibernate.task.dao.TaskFinancialDetailsDaoTestSuite]: no resource found for suffixes {-context.xml, Context.groovy}.
2019-07-12 22:02:56.018  INFO 13024 --- [    Test worker] t.c.s.AnnotationConfigContextLoaderUtils : Could not detect default configuration classes for test class [com.kodilla.hibernate.task.dao.TaskFinancialDetailsDaoTestSuite]: TaskFinancialDetailsDaoTestSuite does not declare any static, non-private, non-final, nested classes annotated with @Configuration.
2019-07-12 22:02:56.033  INFO 13024 --- [    Test worker] .b.t.c.SpringBootTestContextBootstrapper : Found @SpringBootConfiguration com.kodilla.hibernate.KodillaHibernateApplication for test class com.kodilla.hibernate.task.dao.TaskFinancialDetailsDaoTestSuite
2019-07-12 22:02:56.033  INFO 13024 --- [    Test worker] .b.t.c.SpringBootTestContextBootstrapper : Loaded default TestExecutionListener class names from location [META-INF/spring.factories]: [org.springframework.boot.test.autoconfigure.restdocs.RestDocsTestExecutionListener, org.springframework.boot.test.autoconfigure.web.client.MockRestServiceServerResetTestExecutionListener, org.springframework.boot.test.autoconfigure.web.servlet.MockMvcPrintOnlyOnFailureTestExecutionListener, org.springframework.boot.test.autoconfigure.web.servlet.WebDriverTestExecutionListener, org.springframework.boot.test.mock.mockito.MockitoTestExecutionListener, org.springframework.boot.test.mock.mockito.ResetMocksTestExecutionListener, org.springframework.test.context.web.ServletTestExecutionListener, org.springframework.test.context.support.DirtiesContextBeforeModesTestExecutionListener, org.springframework.test.context.support.DependencyInjectionTestExecutionListener, org.springframework.test.context.support.DirtiesContextTestExecutionListener, org.springframework.test.context.transaction.TransactionalTestExecutionListener, org.springframework.test.context.jdbc.SqlScriptsTestExecutionListener]
2019-07-12 22:02:56.033  INFO 13024 --- [    Test worker] .b.t.c.SpringBootTestContextBootstrapper : Using TestExecutionListeners: [org.springframework.test.context.web.ServletTestExecutionListener@43647ba1, org.springframework.test.context.support.DirtiesContextBeforeModesTestExecutionListener@2b15fde4, org.springframework.boot.test.mock.mockito.MockitoTestExecutionListener@537b7a6e, org.springframework.boot.test.autoconfigure.SpringBootDependencyInjectionTestExecutionListener@3140bfbe, org.springframework.test.context.support.DirtiesContextTestExecutionListener@51996344, org.springframework.test.context.transaction.TransactionalTestExecutionListener@55675e4e, org.springframework.test.context.jdbc.SqlScriptsTestExecutionListener@5d47e686, org.springframework.boot.test.autoconfigure.restdocs.RestDocsTestExecutionListener@694e1fdf, org.springframework.boot.test.autoconfigure.web.client.MockRestServiceServerResetTestExecutionListener@73d7c2f1, org.springframework.boot.test.autoconfigure.web.servlet.MockMvcPrintOnlyOnFailureTestExecutionListener@1cad67eb, org.springframework.boot.test.autoconfigure.web.servlet.WebDriverTestExecutionListener@7ebcc12e, org.springframework.boot.test.mock.mockito.ResetMocksTestExecutionListener@679599c1]
Hibernate: select next_val as id_val from hibernate_sequence for update
Hibernate: update hibernate_sequence set next_val= ? where next_val=?
Hibernate: insert into tasks_financials (paid, price, id) values (?, ?, ?)
Hibernate: select taskfinanc0_.id as id1_8_, taskfinanc0_.paid as paid2_8_, taskfinanc0_.price as price3_8_ from tasks_financials taskfinanc0_ where taskfinanc0_.paid=?
Hibernate: select taskfinanc0_.id as id1_8_0_, taskfinanc0_.paid as paid2_8_0_, taskfinanc0_.price as price3_8_0_ from tasks_financials taskfinanc0_ where taskfinanc0_.id=?
Hibernate: delete from tasks_financials where id=?
]]></system-out>
  <system-err><![CDATA[]]></system-err>
</testsuite>
