<?xml version="1.0" encoding="UTF-8"?>
<testsuite name="com.kodilla.hibernate.tasklist.dao.TaskListDaoTestSuite" tests="1" skipped="0" failures="0" errors="0" timestamp="2019-07-12T20:02:56" hostname="DESKTOP-VT08279" time="0.14">
  <properties/>
  <testcase name="testFindByListName" classname="com.kodilla.hibernate.tasklist.dao.TaskListDaoTestSuite" time="0.14"/>
  <system-out><![CDATA[2019-07-12 22:02:56.236  INFO 13024 --- [    Test worker] .b.t.c.SpringBootTestContextBootstrapper : Neither @ContextConfiguration nor @ContextHierarchy found for test class [com.kodilla.hibernate.tasklist.dao.TaskListDaoTestSuite], using SpringBootContextLoader
2019-07-12 22:02:56.236  INFO 13024 --- [    Test worker] o.s.t.c.support.AbstractContextLoader    : Could not detect default resource locations for test class [com.kodilla.hibernate.tasklist.dao.TaskListDaoTestSuite]: no resource found for suffixes {-context.xml, Context.groovy}.
2019-07-12 22:02:56.236  INFO 13024 --- [    Test worker] t.c.s.AnnotationConfigContextLoaderUtils : Could not detect default configuration classes for test class [com.kodilla.hibernate.tasklist.dao.TaskListDaoTestSuite]: TaskListDaoTestSuite does not declare any static, non-private, non-final, nested classes annotated with @Configuration.
2019-07-12 22:02:56.268  INFO 13024 --- [    Test worker] .b.t.c.SpringBootTestContextBootstrapper : Found @SpringBootConfiguration com.kodilla.hibernate.KodillaHibernateApplication for test class com.kodilla.hibernate.tasklist.dao.TaskListDaoTestSuite
2019-07-12 22:02:56.268  INFO 13024 --- [    Test worker] .b.t.c.SpringBootTestContextBootstrapper : Loaded default TestExecutionListener class names from location [META-INF/spring.factories]: [org.springframework.boot.test.autoconfigure.restdocs.RestDocsTestExecutionListener, org.springframework.boot.test.autoconfigure.web.client.MockRestServiceServerResetTestExecutionListener, org.springframework.boot.test.autoconfigure.web.servlet.MockMvcPrintOnlyOnFailureTestExecutionListener, org.springframework.boot.test.autoconfigure.web.servlet.WebDriverTestExecutionListener, org.springframework.boot.test.mock.mockito.MockitoTestExecutionListener, org.springframework.boot.test.mock.mockito.ResetMocksTestExecutionListener, org.springframework.test.context.web.ServletTestExecutionListener, org.springframework.test.context.support.DirtiesContextBeforeModesTestExecutionListener, org.springframework.test.context.support.DependencyInjectionTestExecutionListener, org.springframework.test.context.support.DirtiesContextTestExecutionListener, org.springframework.test.context.transaction.TransactionalTestExecutionListener, org.springframework.test.context.jdbc.SqlScriptsTestExecutionListener]
2019-07-12 22:02:56.268  INFO 13024 --- [    Test worker] .b.t.c.SpringBootTestContextBootstrapper : Using TestExecutionListeners: [org.springframework.test.context.web.ServletTestExecutionListener@6895aa0c, org.springframework.test.context.support.DirtiesContextBeforeModesTestExecutionListener@7781eb2a, org.springframework.boot.test.mock.mockito.MockitoTestExecutionListener@521a10ef, org.springframework.boot.test.autoconfigure.SpringBootDependencyInjectionTestExecutionListener@483828d3, org.springframework.test.context.support.DirtiesContextTestExecutionListener@db83e12, org.springframework.test.context.transaction.TransactionalTestExecutionListener@75984c34, org.springframework.test.context.jdbc.SqlScriptsTestExecutionListener@7787b700, org.springframework.boot.test.autoconfigure.restdocs.RestDocsTestExecutionListener@7ef06793, org.springframework.boot.test.autoconfigure.web.client.MockRestServiceServerResetTestExecutionListener@32f49ef1, org.springframework.boot.test.autoconfigure.web.servlet.MockMvcPrintOnlyOnFailureTestExecutionListener@5ba9d77, org.springframework.boot.test.autoconfigure.web.servlet.WebDriverTestExecutionListener@4f4f1577, org.springframework.boot.test.mock.mockito.ResetMocksTestExecutionListener@32fe3ff2]
Hibernate: select next_val as id_val from hibernate_sequence for update
Hibernate: update hibernate_sequence set next_val= ? where next_val=?
Hibernate: insert into tasklists (description, listname, id) values (?, ?, ?)
Hibernate: select tasklist0_.id as id1_6_, tasklist0_.description as descript2_6_, tasklist0_.listname as listname3_6_ from tasklists tasklist0_ where tasklist0_.listname=?
Hibernate: select tasklist0_.id as id1_6_0_, tasklist0_.description as descript2_6_0_, tasklist0_.listname as listname3_6_0_ from tasklists tasklist0_ where tasklist0_.id=?
Hibernate: delete from tasklists where id=?
]]></system-out>
  <system-err><![CDATA[]]></system-err>
</testsuite>
