<?xml version="1.0" encoding="UTF-8"?>
<testsuite name="com.kodilla.patterns.strategy.CustomerTestSuite" tests="2" skipped="0" failures="0" errors="0" timestamp="2019-07-06T08:34:44" hostname="DESKTOP-VT08279" time="0.003">
  <properties/>
  <testcase name="testIndividualInvestingStrategy" classname="com.kodilla.patterns.strategy.CustomerTestSuite" time="0.002"/>
  <testcase name="testDefaultInvestingStrategies" classname="com.kodilla.patterns.strategy.CustomerTestSuite" time="0.001"/>
  <system-out><![CDATA[Steven should: [Conservative predictor] Buy debentures of XYZ
Steven now should: [Aggressive predictor] Buy stock of XYZ
Steven should: [Conservative predictor] Buy debentures of XYZ
John should: [Aggressive predictor] Buy stock of XYZ
Kodilla should: [Balanced predictor] Buy shared units of Fund XYZ
]]></system-out>
  <system-err><![CDATA[]]></system-err>
</testsuite>
