<?xml version="1.0" encoding="UTF-8"?>
<testsuite name="com.kodilla.patterns.factory.task.TaskFactoryTestSuite" tests="3" skipped="0" failures="0" errors="0" timestamp="2019-10-17T13:46:24" hostname="PL-08818-L2979" time="0.004">
  <properties/>
  <testcase name="testFactoryDrivingTask" classname="com.kodilla.patterns.factory.task.TaskFactoryTestSuite" time="0.003"/>
  <testcase name="testFactoryPaintingTask" classname="com.kodilla.patterns.factory.task.TaskFactoryTestSuite" time="0.001"/>
  <testcase name="testFactoryShoppingTask" classname="com.kodilla.patterns.factory.task.TaskFactoryTestSuite" time="0.0"/>
  <system-out><![CDATA[]]></system-out>
  <system-err><![CDATA[]]></system-err>
</testsuite>
