<?xml version="1.0" encoding="UTF-8"?>
<testsuite name="com.kodilla.patterns.builder.bigmac.BigmacTestSuite" tests="1" skipped="0" failures="0" errors="0" timestamp="2019-11-05T10:44:43" hostname="PL-08818-L2979" time="0.009">
  <properties/>
  <testcase name="testBigmacNew" classname="com.kodilla.patterns.builder.bigmac.BigmacTestSuite" time="0.009"/>
  <system-out><![CDATA[Bigmac{bun='bun with sesame seeds', burgers=3, sauce='barbeque', ingredients=[onion, bacon, chili, cheese, lettuce, peppers]}
]]></system-out>
  <system-err><![CDATA[]]></system-err>
</testsuite>
