<?xml version="1.0" encoding="UTF-8"?>
<testsuite name="com.kodilla.patterns.strategy.social.UserTestSuite" tests="2" skipped="0" failures="0" errors="0" timestamp="2019-10-27T12:29:48" hostname="DESKTOP-VT08279" time="0.003">
  <properties/>
  <testcase name="testDefaultSharingStrategies" classname="com.kodilla.patterns.strategy.social.UserTestSuite" time="0.002"/>
  <testcase name="testIndividualSharingStrategy" classname="com.kodilla.patterns.strategy.social.UserTestSuite" time="0.001"/>
  <system-out><![CDATA[Mike share: Facebook
Bob share: Twitter
Corey share: Snapchat
Mike share: Facebook
Mike new share: Twitter
]]></system-out>
  <system-err><![CDATA[]]></system-err>
</testsuite>
