<?xml version="1.0" encoding="UTF-8"?>
<testsuite name="com.kodilla.patterns.factory.task.TaskFactoryTestSuite" tests="3" skipped="0" failures="0" errors="0" timestamp="2019-10-27T12:29:48" hostname="DESKTOP-VT08279" time="0.004">
  <properties/>
  <testcase name="testFactoryDrivingTask" classname="com.kodilla.patterns.factory.task.TaskFactoryTestSuite" time="0.001"/>
  <testcase name="testFactoryPaintingTask" classname="com.kodilla.patterns.factory.task.TaskFactoryTestSuite" time="0.001"/>
  <testcase name="testFactoryShoppingTask" classname="com.kodilla.patterns.factory.task.TaskFactoryTestSuite" time="0.001"/>
  <system-out><![CDATA[]]></system-out>
  <system-err><![CDATA[]]></system-err>
</testsuite>
