<?xml version="1.0" encoding="UTF-8"?>
<testsuite name="com.kodilla.patterns.singleton.LoggerTestSuite" tests="1" skipped="0" failures="0" errors="0" timestamp="2019-07-06T08:34:44" hostname="DESKTOP-VT08279" time="0.001">
  <properties/>
  <testcase name="testGetLastLog" classname="com.kodilla.patterns.singleton.LoggerTestSuite" time="0.001"/>
  <system-out><![CDATA[Log: [Pierwszy testowy wpis w logach]
Log: Pierwszy testowy wpis w logach
]]></system-out>
  <system-err><![CDATA[]]></system-err>
</testsuite>
