<?xml version="1.0" encoding="UTF-8"?>
<testsuite name="com.kodilla.spring.web.KodillaSpringWebApplicationTests" tests="1" skipped="0" failures="0" errors="0" timestamp="2019-10-27T12:40:04" hostname="DESKTOP-VT08279" time="0.749">
  <properties/>
  <testcase name="contextLoads" classname="com.kodilla.spring.web.KodillaSpringWebApplicationTests" time="0.749"/>
  <system-out><![CDATA[13:39:59.669 [Test worker] DEBUG org.springframework.test.context.junit4.SpringJUnit4ClassRunner - SpringJUnit4ClassRunner constructor called with [class com.kodilla.spring.web.KodillaSpringWebApplicationTests]
13:39:59.685 [Test worker] DEBUG org.springframework.test.context.BootstrapUtils - Instantiating CacheAwareContextLoaderDelegate from class [org.springframework.test.context.cache.DefaultCacheAwareContextLoaderDelegate]
13:39:59.700 [Test worker] DEBUG org.springframework.test.context.BootstrapUtils - Instantiating BootstrapContext using constructor [public org.springframework.test.context.support.DefaultBootstrapContext(java.lang.Class,org.springframework.test.context.CacheAwareContextLoaderDelegate)]
13:39:59.763 [Test worker] DEBUG org.springframework.test.context.BootstrapUtils - Instantiating TestContextBootstrapper for test class [com.kodilla.spring.web.KodillaSpringWebApplicationTests] from class [org.springframework.boot.test.context.SpringBootTestContextBootstrapper]
13:39:59.794 [Test worker] INFO org.springframework.boot.test.context.SpringBootTestContextBootstrapper - Neither @ContextConfiguration nor @ContextHierarchy found for test class [com.kodilla.spring.web.KodillaSpringWebApplicationTests], using SpringBootContextLoader
13:39:59.794 [Test worker] DEBUG org.springframework.test.context.support.AbstractContextLoader - Did not detect default resource location for test class [com.kodilla.spring.web.KodillaSpringWebApplicationTests]: class path resource [com/kodilla/spring/web/KodillaSpringWebApplicationTests-context.xml] does not exist
13:39:59.794 [Test worker] DEBUG org.springframework.test.context.support.AbstractContextLoader - Did not detect default resource location for test class [com.kodilla.spring.web.KodillaSpringWebApplicationTests]: class path resource [com/kodilla/spring/web/KodillaSpringWebApplicationTestsContext.groovy] does not exist
13:39:59.794 [Test worker] INFO org.springframework.test.context.support.AbstractContextLoader - Could not detect default resource locations for test class [com.kodilla.spring.web.KodillaSpringWebApplicationTests]: no resource found for suffixes {-context.xml, Context.groovy}.
13:39:59.794 [Test worker] INFO org.springframework.test.context.support.AnnotationConfigContextLoaderUtils - Could not detect default configuration classes for test class [com.kodilla.spring.web.KodillaSpringWebApplicationTests]: KodillaSpringWebApplicationTests does not declare any static, non-private, non-final, nested classes annotated with @Configuration.
13:39:59.919 [Test worker] DEBUG org.springframework.test.context.support.ActiveProfilesUtils - Could not find an 'annotation declaring class' for annotation type [org.springframework.test.context.ActiveProfiles] and class [com.kodilla.spring.web.KodillaSpringWebApplicationTests]
13:40:00.106 [Test worker] DEBUG org.springframework.context.annotation.ClassPathScanningCandidateComponentProvider - Identified candidate component class: file [D:\_Java\kodilla-course\kodilla-spring-web\build\classes\java\main\com\kodilla\spring\web\KodillaSpringWebApplication.class]
13:40:00.106 [Test worker] INFO org.springframework.boot.test.context.SpringBootTestContextBootstrapper - Found @SpringBootConfiguration com.kodilla.spring.web.KodillaSpringWebApplication for test class com.kodilla.spring.web.KodillaSpringWebApplicationTests
13:40:00.278 [Test worker] DEBUG org.springframework.boot.test.context.SpringBootTestContextBootstrapper - @TestExecutionListeners is not present for class [com.kodilla.spring.web.KodillaSpringWebApplicationTests]: using defaults.
13:40:00.278 [Test worker] INFO org.springframework.boot.test.context.SpringBootTestContextBootstrapper - Loaded default TestExecutionListener class names from location [META-INF/spring.factories]: [org.springframework.boot.test.autoconfigure.restdocs.RestDocsTestExecutionListener, org.springframework.boot.test.autoconfigure.web.client.MockRestServiceServerResetTestExecutionListener, org.springframework.boot.test.autoconfigure.web.servlet.MockMvcPrintOnlyOnFailureTestExecutionListener, org.springframework.boot.test.autoconfigure.web.servlet.WebDriverTestExecutionListener, org.springframework.boot.test.mock.mockito.MockitoTestExecutionListener, org.springframework.boot.test.mock.mockito.ResetMocksTestExecutionListener, org.springframework.test.context.web.ServletTestExecutionListener, org.springframework.test.context.support.DirtiesContextBeforeModesTestExecutionListener, org.springframework.test.context.support.DependencyInjectionTestExecutionListener, org.springframework.test.context.support.DirtiesContextTestExecutionListener, org.springframework.test.context.transaction.TransactionalTestExecutionListener, org.springframework.test.context.jdbc.SqlScriptsTestExecutionListener]
13:40:00.310 [Test worker] DEBUG org.springframework.boot.test.context.SpringBootTestContextBootstrapper - Skipping candidate TestExecutionListener [org.springframework.test.context.transaction.TransactionalTestExecutionListener] due to a missing dependency. Specify custom listener classes or make the default listener classes and their required dependencies available. Offending class: [org/springframework/transaction/interceptor/TransactionAttributeSource]
13:40:00.310 [Test worker] DEBUG org.springframework.boot.test.context.SpringBootTestContextBootstrapper - Skipping candidate TestExecutionListener [org.springframework.test.context.jdbc.SqlScriptsTestExecutionListener] due to a missing dependency. Specify custom listener classes or make the default listener classes and their required dependencies available. Offending class: [org/springframework/transaction/interceptor/TransactionAttribute]
13:40:00.310 [Test worker] INFO org.springframework.boot.test.context.SpringBootTestContextBootstrapper - Using TestExecutionListeners: [org.springframework.test.context.web.ServletTestExecutionListener@ec40dc6, org.springframework.test.context.support.DirtiesContextBeforeModesTestExecutionListener@2b100b1f, org.springframework.boot.test.mock.mockito.MockitoTestExecutionListener@2182591e, org.springframework.boot.test.autoconfigure.SpringBootDependencyInjectionTestExecutionListener@2c5c3b79, org.springframework.test.context.support.DirtiesContextTestExecutionListener@258b909, org.springframework.boot.test.autoconfigure.restdocs.RestDocsTestExecutionListener@29bb02ae, org.springframework.boot.test.autoconfigure.web.client.MockRestServiceServerResetTestExecutionListener@1ac2f42e, org.springframework.boot.test.autoconfigure.web.servlet.MockMvcPrintOnlyOnFailureTestExecutionListener@570893fc, org.springframework.boot.test.autoconfigure.web.servlet.WebDriverTestExecutionListener@105fe8e5, org.springframework.boot.test.mock.mockito.ResetMocksTestExecutionListener@61803632]
13:40:00.310 [Test worker] DEBUG org.springframework.test.annotation.ProfileValueUtils - Retrieved @ProfileValueSourceConfiguration [null] for test class [com.kodilla.spring.web.KodillaSpringWebApplicationTests]
13:40:00.325 [Test worker] DEBUG org.springframework.test.annotation.ProfileValueUtils - Retrieved ProfileValueSource type [class org.springframework.test.annotation.SystemProfileValueSource] for class [com.kodilla.spring.web.KodillaSpringWebApplicationTests]
13:40:00.341 [Test worker] DEBUG org.springframework.test.annotation.ProfileValueUtils - Retrieved @ProfileValueSourceConfiguration [null] for test class [com.kodilla.spring.web.KodillaSpringWebApplicationTests]
13:40:00.341 [Test worker] DEBUG org.springframework.test.annotation.ProfileValueUtils - Retrieved ProfileValueSource type [class org.springframework.test.annotation.SystemProfileValueSource] for class [com.kodilla.spring.web.KodillaSpringWebApplicationTests]
13:40:00.341 [Test worker] DEBUG org.springframework.test.context.support.AbstractDirtiesContextTestExecutionListener - Before test class: context [DefaultTestContext@168d5b testClass = KodillaSpringWebApplicationTests, testInstance = [null], testMethod = [null], testException = [null], mergedContextConfiguration = [WebMergedContextConfiguration@14c30f62 testClass = KodillaSpringWebApplicationTests, locations = '{}', classes = '{class com.kodilla.spring.web.KodillaSpringWebApplication}', contextInitializerClasses = '[]', activeProfiles = '{}', propertySourceLocations = '{}', propertySourceProperties = '{org.springframework.boot.test.context.SpringBootTestContextBootstrapper=true}', contextCustomizers = set[org.springframework.boot.test.autoconfigure.properties.PropertyMappingContextCustomizer@0, org.springframework.boot.test.autoconfigure.web.servlet.WebDriverContextCustomizerFactory$Customizer@5ffc161f, org.springframework.boot.test.context.filter.ExcludeFilterContextCustomizer@683d15b4, org.springframework.boot.test.json.DuplicateJsonObjectContextCustomizerFactory$DuplicateJsonObjectContextCustomizer@5dd7c2f0, org.springframework.boot.test.mock.mockito.MockitoContextCustomizer@0, org.springframework.boot.test.web.client.TestRestTemplateContextCustomizer@8c3e3af], resourceBasePath = 'src/main/webapp', contextLoader = 'org.springframework.boot.test.context.SpringBootContextLoader', parent = [null]], attributes = map['org.springframework.test.context.web.ServletTestExecutionListener.activateListener' -> true]], class annotated with @DirtiesContext [false] with mode [null].
13:40:00.341 [Test worker] DEBUG org.springframework.test.annotation.ProfileValueUtils - Retrieved @ProfileValueSourceConfiguration [null] for test class [com.kodilla.spring.web.KodillaSpringWebApplicationTests]
13:40:00.341 [Test worker] DEBUG org.springframework.test.annotation.ProfileValueUtils - Retrieved ProfileValueSource type [class org.springframework.test.annotation.SystemProfileValueSource] for class [com.kodilla.spring.web.KodillaSpringWebApplicationTests]
13:40:00.388 [Test worker] DEBUG org.springframework.test.context.support.TestPropertySourceUtils - Adding inlined properties to environment: {spring.jmx.enabled=false, org.springframework.boot.test.context.SpringBootTestContextBootstrapper=true, server.port=-1}

  .   ____          _            __ _ _
 /\\ / ___'_ __ _ _(_)_ __  __ _ \ \ \ \
( ( )\___ | '_ | '_| | '_ \/ _` | \ \ \ \
 \\/  ___)| |_)| | | | | || (_| |  ) ) ) )
  '  |____| .__|_| |_|_| |_\__, | / / / /
 =========|_|==============|___/=/_/_/_/
 :: Spring Boot ::        (v2.1.5.RELEASE)

2019-10-27 13:40:00.950  INFO 14228 --- [    Test worker] c.k.s.w.KodillaSpringWebApplicationTests : Starting KodillaSpringWebApplicationTests on DESKTOP-VT08279 with PID 14228 (started by Me in D:\_Java\kodilla-course\kodilla-spring-web)
2019-10-27 13:40:00.966  INFO 14228 --- [    Test worker] c.k.s.w.KodillaSpringWebApplicationTests : No active profile set, falling back to default profiles: default
2019-10-27 13:40:04.185  INFO 14228 --- [    Test worker] o.s.s.concurrent.ThreadPoolTaskExecutor  : Initializing ExecutorService 'applicationTaskExecutor'
2019-10-27 13:40:04.872  INFO 14228 --- [    Test worker] c.k.s.w.KodillaSpringWebApplicationTests : Started KodillaSpringWebApplicationTests in 4.469 seconds (JVM running for 6.533)
]]></system-out>
  <system-err><![CDATA[]]></system-err>
</testsuite>
