<?xml version="1.0" encoding="UTF-8"?>
<testsuite name="com.kodilla.spring.web.KodillaSpringWebApplicationTests" tests="1" skipped="0" failures="0" errors="0" timestamp="2019-07-12T20:03:24" hostname="DESKTOP-VT08279" time="0.559">
  <properties/>
  <testcase name="contextLoads" classname="com.kodilla.spring.web.KodillaSpringWebApplicationTests" time="0.559"/>
  <system-out><![CDATA[22:03:20.154 [Test worker] DEBUG org.springframework.test.context.junit4.SpringJUnit4ClassRunner - SpringJUnit4ClassRunner constructor called with [class com.kodilla.spring.web.KodillaSpringWebApplicationTests]
22:03:20.174 [Test worker] DEBUG org.springframework.test.context.BootstrapUtils - Instantiating CacheAwareContextLoaderDelegate from class [org.springframework.test.context.cache.DefaultCacheAwareContextLoaderDelegate]
22:03:20.210 [Test worker] DEBUG org.springframework.test.context.BootstrapUtils - Instantiating BootstrapContext using constructor [public org.springframework.test.context.support.DefaultBootstrapContext(java.lang.Class,org.springframework.test.context.CacheAwareContextLoaderDelegate)]
22:03:20.272 [Test worker] DEBUG org.springframework.test.context.BootstrapUtils - Instantiating TestContextBootstrapper for test class [com.kodilla.spring.web.KodillaSpringWebApplicationTests] from class [org.springframework.boot.test.context.SpringBootTestContextBootstrapper]
22:03:20.308 [Test worker] INFO org.springframework.boot.test.context.SpringBootTestContextBootstrapper - Neither @ContextConfiguration nor @ContextHierarchy found for test class [com.kodilla.spring.web.KodillaSpringWebApplicationTests], using SpringBootContextLoader
22:03:20.314 [Test worker] DEBUG org.springframework.test.context.support.AbstractContextLoader - Did not detect default resource location for test class [com.kodilla.spring.web.KodillaSpringWebApplicationTests]: class path resource [com/kodilla/spring/web/KodillaSpringWebApplicationTests-context.xml] does not exist
22:03:20.316 [Test worker] DEBUG org.springframework.test.context.support.AbstractContextLoader - Did not detect default resource location for test class [com.kodilla.spring.web.KodillaSpringWebApplicationTests]: class path resource [com/kodilla/spring/web/KodillaSpringWebApplicationTestsContext.groovy] does not exist
22:03:20.316 [Test worker] INFO org.springframework.test.context.support.AbstractContextLoader - Could not detect default resource locations for test class [com.kodilla.spring.web.KodillaSpringWebApplicationTests]: no resource found for suffixes {-context.xml, Context.groovy}.
22:03:20.318 [Test worker] INFO org.springframework.test.context.support.AnnotationConfigContextLoaderUtils - Could not detect default configuration classes for test class [com.kodilla.spring.web.KodillaSpringWebApplicationTests]: KodillaSpringWebApplicationTests does not declare any static, non-private, non-final, nested classes annotated with @Configuration.
22:03:20.394 [Test worker] DEBUG org.springframework.test.context.support.ActiveProfilesUtils - Could not find an 'annotation declaring class' for annotation type [org.springframework.test.context.ActiveProfiles] and class [com.kodilla.spring.web.KodillaSpringWebApplicationTests]
22:03:20.528 [Test worker] DEBUG org.springframework.context.annotation.ClassPathScanningCandidateComponentProvider - Identified candidate component class: file [D:\_Java\kodilla-course\kodilla-spring-web\build\classes\java\main\com\kodilla\spring\web\KodillaSpringWebApplication.class]
22:03:20.532 [Test worker] INFO org.springframework.boot.test.context.SpringBootTestContextBootstrapper - Found @SpringBootConfiguration com.kodilla.spring.web.KodillaSpringWebApplication for test class com.kodilla.spring.web.KodillaSpringWebApplicationTests
22:03:20.720 [Test worker] DEBUG org.springframework.boot.test.context.SpringBootTestContextBootstrapper - @TestExecutionListeners is not present for class [com.kodilla.spring.web.KodillaSpringWebApplicationTests]: using defaults.
22:03:20.722 [Test worker] INFO org.springframework.boot.test.context.SpringBootTestContextBootstrapper - Loaded default TestExecutionListener class names from location [META-INF/spring.factories]: [org.springframework.boot.test.autoconfigure.restdocs.RestDocsTestExecutionListener, org.springframework.boot.test.autoconfigure.web.client.MockRestServiceServerResetTestExecutionListener, org.springframework.boot.test.autoconfigure.web.servlet.MockMvcPrintOnlyOnFailureTestExecutionListener, org.springframework.boot.test.autoconfigure.web.servlet.WebDriverTestExecutionListener, org.springframework.boot.test.mock.mockito.MockitoTestExecutionListener, org.springframework.boot.test.mock.mockito.ResetMocksTestExecutionListener, org.springframework.test.context.web.ServletTestExecutionListener, org.springframework.test.context.support.DirtiesContextBeforeModesTestExecutionListener, org.springframework.test.context.support.DependencyInjectionTestExecutionListener, org.springframework.test.context.support.DirtiesContextTestExecutionListener, org.springframework.test.context.transaction.TransactionalTestExecutionListener, org.springframework.test.context.jdbc.SqlScriptsTestExecutionListener]
22:03:20.744 [Test worker] DEBUG org.springframework.boot.test.context.SpringBootTestContextBootstrapper - Skipping candidate TestExecutionListener [org.springframework.test.context.transaction.TransactionalTestExecutionListener] due to a missing dependency. Specify custom listener classes or make the default listener classes and their required dependencies available. Offending class: [org/springframework/transaction/interceptor/TransactionAttributeSource]
22:03:20.746 [Test worker] DEBUG org.springframework.boot.test.context.SpringBootTestContextBootstrapper - Skipping candidate TestExecutionListener [org.springframework.test.context.jdbc.SqlScriptsTestExecutionListener] due to a missing dependency. Specify custom listener classes or make the default listener classes and their required dependencies available. Offending class: [org/springframework/transaction/interceptor/TransactionAttribute]
22:03:20.746 [Test worker] INFO org.springframework.boot.test.context.SpringBootTestContextBootstrapper - Using TestExecutionListeners: [org.springframework.test.context.web.ServletTestExecutionListener@5d1faebd, org.springframework.test.context.support.DirtiesContextBeforeModesTestExecutionListener@1bc4d715, org.springframework.boot.test.mock.mockito.MockitoTestExecutionListener@65483d37, org.springframework.boot.test.autoconfigure.SpringBootDependencyInjectionTestExecutionListener@68d927f, org.springframework.test.context.support.DirtiesContextTestExecutionListener@2647be55, org.springframework.boot.test.autoconfigure.restdocs.RestDocsTestExecutionListener@1b06a9f7, org.springframework.boot.test.autoconfigure.web.client.MockRestServiceServerResetTestExecutionListener@3f039e25, org.springframework.boot.test.autoconfigure.web.servlet.MockMvcPrintOnlyOnFailureTestExecutionListener@5577edd0, org.springframework.boot.test.autoconfigure.web.servlet.WebDriverTestExecutionListener@4e59443d, org.springframework.boot.test.mock.mockito.ResetMocksTestExecutionListener@60be0510]
22:03:20.752 [Test worker] DEBUG org.springframework.test.annotation.ProfileValueUtils - Retrieved @ProfileValueSourceConfiguration [null] for test class [com.kodilla.spring.web.KodillaSpringWebApplicationTests]
22:03:20.754 [Test worker] DEBUG org.springframework.test.annotation.ProfileValueUtils - Retrieved ProfileValueSource type [class org.springframework.test.annotation.SystemProfileValueSource] for class [com.kodilla.spring.web.KodillaSpringWebApplicationTests]
22:03:20.754 [Test worker] DEBUG org.springframework.test.annotation.ProfileValueUtils - Retrieved @ProfileValueSourceConfiguration [null] for test class [com.kodilla.spring.web.KodillaSpringWebApplicationTests]
22:03:20.754 [Test worker] DEBUG org.springframework.test.annotation.ProfileValueUtils - Retrieved ProfileValueSource type [class org.springframework.test.annotation.SystemProfileValueSource] for class [com.kodilla.spring.web.KodillaSpringWebApplicationTests]
22:03:20.774 [Test worker] DEBUG org.springframework.test.context.support.AbstractDirtiesContextTestExecutionListener - Before test class: context [DefaultTestContext@2bf6f0d9 testClass = KodillaSpringWebApplicationTests, testInstance = [null], testMethod = [null], testException = [null], mergedContextConfiguration = [WebMergedContextConfiguration@6813f754 testClass = KodillaSpringWebApplicationTests, locations = '{}', classes = '{class com.kodilla.spring.web.KodillaSpringWebApplication}', contextInitializerClasses = '[]', activeProfiles = '{}', propertySourceLocations = '{}', propertySourceProperties = '{org.springframework.boot.test.context.SpringBootTestContextBootstrapper=true}', contextCustomizers = set[org.springframework.boot.test.autoconfigure.properties.PropertyMappingContextCustomizer@0, org.springframework.boot.test.autoconfigure.web.servlet.WebDriverContextCustomizerFactory$Customizer@599adb38, org.springframework.boot.test.context.filter.ExcludeFilterContextCustomizer@4254f3cc, org.springframework.boot.test.json.DuplicateJsonObjectContextCustomizerFactory$DuplicateJsonObjectContextCustomizer@75d4108f, org.springframework.boot.test.mock.mockito.MockitoContextCustomizer@0, org.springframework.boot.test.web.client.TestRestTemplateContextCustomizer@21da5ddd], resourceBasePath = 'src/main/webapp', contextLoader = 'org.springframework.boot.test.context.SpringBootContextLoader', parent = [null]], attributes = map['org.springframework.test.context.web.ServletTestExecutionListener.activateListener' -> true]], class annotated with @DirtiesContext [false] with mode [null].
22:03:20.776 [Test worker] DEBUG org.springframework.test.annotation.ProfileValueUtils - Retrieved @ProfileValueSourceConfiguration [null] for test class [com.kodilla.spring.web.KodillaSpringWebApplicationTests]
22:03:20.778 [Test worker] DEBUG org.springframework.test.annotation.ProfileValueUtils - Retrieved ProfileValueSource type [class org.springframework.test.annotation.SystemProfileValueSource] for class [com.kodilla.spring.web.KodillaSpringWebApplicationTests]
22:03:20.814 [Test worker] DEBUG org.springframework.test.context.support.TestPropertySourceUtils - Adding inlined properties to environment: {spring.jmx.enabled=false, org.springframework.boot.test.context.SpringBootTestContextBootstrapper=true, server.port=-1}

  .   ____          _            __ _ _
 /\\ / ___'_ __ _ _(_)_ __  __ _ \ \ \ \
( ( )\___ | '_ | '_| | '_ \/ _` | \ \ \ \
 \\/  ___)| |_)| | | | | || (_| |  ) ) ) )
  '  |____| .__|_| |_|_| |_\__, | / / / /
 =========|_|==============|___/=/_/_/_/
 :: Spring Boot ::        (v2.1.5.RELEASE)

2019-07-12 22:03:21.276  INFO 10592 --- [    Test worker] c.k.s.w.KodillaSpringWebApplicationTests : Starting KodillaSpringWebApplicationTests on DESKTOP-VT08279 with PID 10592 (started by Me in D:\_Java\kodilla-course\kodilla-spring-web)
2019-07-12 22:03:21.278  INFO 10592 --- [    Test worker] c.k.s.w.KodillaSpringWebApplicationTests : No active profile set, falling back to default profiles: default
2019-07-12 22:03:24.268  INFO 10592 --- [    Test worker] o.s.s.concurrent.ThreadPoolTaskExecutor  : Initializing ExecutorService 'applicationTaskExecutor'
2019-07-12 22:03:24.784  INFO 10592 --- [    Test worker] c.k.s.w.KodillaSpringWebApplicationTests : Started KodillaSpringWebApplicationTests in 3.954 seconds (JVM running for 5.937)
]]></system-out>
  <system-err><![CDATA[]]></system-err>
</testsuite>
