<?xml version="1.0" encoding="UTF-8"?>
<testsuite name="com.kodilla.jdbc.DbManagerTestSuite" tests="3" skipped="0" failures="0" errors="0" timestamp="2019-10-17T13:46:23" hostname="PL-08818-L2979" time="0.183">
  <properties/>
  <testcase name="testConnection" classname="com.kodilla.jdbc.DbManagerTestSuite" time="0.164"/>
  <testcase name="testSelectUsers" classname="com.kodilla.jdbc.DbManagerTestSuite" time="0.016"/>
  <testcase name="testSelectUsersAndPosts" classname="com.kodilla.jdbc.DbManagerTestSuite" time="0.002"/>
  <system-out><![CDATA[1. John, Smith
2. Zachary, Lee
3. Stephanie, Kovalsky
4. Thomas, Landgren
5. John, Thomson
1. John, Smith - has published 2 posts.
1. Zachary, Lee - has published 2 posts.
]]></system-out>
  <system-err><![CDATA[]]></system-err>
</testsuite>
