<?xml version="1.0" encoding="UTF-8"?>
<testsuite name="com.kodilla.jdbc.DbManagerTestSuite" tests="3" skipped="0" failures="0" errors="0" timestamp="2019-07-06T08:34:26" hostname="DESKTOP-VT08279" time="6.783">
  <properties/>
  <testcase name="testConnection" classname="com.kodilla.jdbc.DbManagerTestSuite" time="6.092"/>
  <testcase name="testSelectUsers" classname="com.kodilla.jdbc.DbManagerTestSuite" time="0.557"/>
  <testcase name="testSelectUsersAndPosts" classname="com.kodilla.jdbc.DbManagerTestSuite" time="0.133"/>
  <system-out><![CDATA[1. John, Smith
2. Zachary, Lee
3. Stephanie, Kovalsky
4. Thomas, Landgren
5. John, Thomson
1. Zachary, Lee - has published 3 posts.
]]></system-out>
  <system-err><![CDATA[]]></system-err>
</testsuite>
